#
# A fatal error has been detected by the Java Runtime Environment:
#
#  EXCEPTION_ACCESS_VIOLATION (0xc0000005) at pc=0x00000265c2813410, pid=3444, tid=3212
#
# JRE version: OpenJDK Runtime Environment (17.0.6) (build 17.0.6+0-b2043.56-10027231)
# Java VM: OpenJDK 64-Bit Server VM (17.0.6+0-b2043.56-10027231, mixed mode, tiered, compressed oops, compressed class ptrs, g1 gc, windows-amd64)
# Problematic frame:
# J 3514 c1 org.codehaus.groovy.reflection.CachedMethod.getDeclaringClass()Lorg/codehaus/groovy/reflection/CachedClass; (5 bytes) @ 0x00000265c2813410 [0x00000265c28133a0+0x0000000000000070]
#
# No core dump will be written. Minidumps are not enabled by default on client versions of Windows
#
# If you would like to submit a bug report, please visit:
#   https://bugreport.java.com/bugreport/crash.jsp
#

---------------  S U M M A R Y ------------

Command Line: --add-opens=java.base/java.util=ALL-UNNAMED --add-opens=java.base/java.lang=ALL-UNNAMED --add-opens=java.base/java.lang.invoke=ALL-UNNAMED --add-opens=java.prefs/java.util.prefs=ALL-UNNAMED --add-opens=java.base/java.nio.charset=ALL-UNNAMED --add-opens=java.base/java.net=ALL-UNNAMED --add-opens=java.base/java.util.concurrent.atomic=ALL-UNNAMED -Xmx2048m -Dfile.encoding=UTF-8 -Duser.country=PH -Duser.language=en -Duser.variant org.gradle.launcher.daemon.bootstrap.GradleDaemon 8.0

Host: AMD E-450 APU with Radeon(tm) HD Graphics, 2 cores, 3G,  Windows 10 , 64 bit Build 19041 (10.0.19041.3393)
Time: Mon Sep 18 09:41:16 2023 Malay Peninsula Standard Time elapsed time: 406.111843 seconds (0d 0h 6m 46s)

---------------  T H R E A D  ---------------

Current thread (0x00000265d2013ab0):  JavaThread "Daemon worker" [_thread_in_Java, id=3212, stack(0x000000a6ea500000,0x000000a6ea600000)]

Stack: [0x000000a6ea500000,0x000000a6ea600000],  sp=0x000000a6ea5fb088,  free space=1004k
Native frames: (J=compiled Java code, j=interpreted, Vv=VM code, C=native code)
C  0x00000265c2813410


siginfo: EXCEPTION_ACCESS_VIOLATION (0xc0000005), reading address 0x00000000d6af3148


Register to memory mapping:

RIP=0x00000265c2813410 is at entry_point+112 in (nmethod*)0x00000265c2813210
RAX=0x00000000d6af3148 is an unallocated location in the heap
RBX=0x00000000895fc7c1 is pointing into object: org.codehaus.groovy.reflection.CachedMethod 
{0x00000000895fc7c0} - klass: 'org/codehaus/groovy/reflection/CachedMethod'
 - ---- fields (total size 8 words):
 - protected 'isVargsMethod' 'Z' @12  false
 - protected volatile 'nativeParamTypes' '[Ljava/lang/Class;' @16  a 'java/lang/Class'[1] {0x00000000895fd138} (895fd138)
 - protected volatile 'parameterTypes' '[Lorg/codehaus/groovy/reflection/CachedClass;' @20  a 'org/codehaus/groovy/reflection/CachedClass'[1] {0x00000000895fd150} (895fd150)
 - private 'signature' 'Ljava/lang/String;' @24  NULL (0)
 - private 'mopName' 'Ljava/lang/String;' @28  NULL (0)
 - private 'skipCompiled' 'Z' @13  false
 - private 'makeAccessibleDone' 'Z' @14  false
 - private 'hashCode' 'I' @32  0
 - public final 'cachedClass' 'Lorg/codehaus/groovy/reflection/CachedClass;' @36  a 'org/codehaus/groovy/reflection/CachedClass'{0x0000000084e93950} (84e93950)
 - private final 'cachedMethod' 'Ljava/lang/reflect/Method;' @40  a 'java/lang/reflect/Method'{0x00000000895fbfa8} (895fbfa8)
 - private 'transformedMethod' 'Lorg/codehaus/groovy/reflection/CachedMethod;' @44  NULL (0)
 - private 'pogoCallSiteConstructor' 'Ljava/lang/ref/SoftReference;' @48  NULL (0)
 - private 'pojoCallSiteConstructor' 'Ljava/lang/ref/SoftReference;' @52  NULL (0)
 - private 'staticCallSiteConstructor' 'Ljava/lang/ref/SoftReference;' @56  NULL (0)
RCX=0x00000000895fd150 is an oop: [Lorg.codehaus.groovy.reflection.CachedClass; 
{0x00000000895fd150} - klass: 'org/codehaus/groovy/reflection/CachedClass'[]
 - length: 1
RDX=0x000000000052cdd0 is an unknown value
RSP=0x000000a6ea5fb088 is pointing into the stack for thread: 0x00000265d2013ab0
RBP=0x00000000830ee790 is an oop: org.codehaus.groovy.reflection.CachedClass 
{0x00000000830ee790} - klass: 'org/codehaus/groovy/reflection/CachedClass'
 - ---- fields (total size 9 words):
 - public final 'modifiers' 'I' @12  1537 (601)
 - 'distance' 'I' @16  1
 - 'hashCode' 'I' @20  1929279034 (72fe763a)
 - public final 'isArray' 'Z' @24  false
 - public final 'isPrimitive' 'Z' @25  false
 - public final 'isInterface' 'Z' @26  true
 - public final 'isNumber' 'Z' @27  false
 - private final 'fields' 'Lorg/codehaus/groovy/util/LazyReference;' @28  a 'org/codehaus/groovy/reflection/CachedClass$1'{0x00000000830ee7d8} (830ee7d8)
 - private 'constructors' 'Lorg/codehaus/groovy/util/LazyReference;' @32  a 'org/codehaus/groovy/reflection/CachedClass$2'{0x00000000830ee808} (830ee808)
 - private final 'methods' 'Lorg/codehaus/groovy/util/LazyReference;' @36  a 'org/codehaus/groovy/reflection/CachedClass$3'{0x00000000830ee838} (830ee838)
 - private 'cachedSuperClass' 'Lorg/codehaus/groovy/util/LazyReference;' @40  a 'org/codehaus/groovy/reflection/CachedClass$4'{0x00000000830f2f78} (830f2f78)
 - private final 'callSiteClassLoader' 'Lorg/codehaus/groovy/util/LazyReference;' @44  a 'org/codehaus/groovy/reflection/CachedClass$5'{0x00000000830f2fa8} (830f2fa8)
 - private final 'hierarchy' 'Lorg/codehaus/groovy/util/LazyReference;' @48  a 'org/codehaus/groovy/reflection/CachedClass$6'{0x00000000830f2fd8} (830f2fd8)
 - private final 'declaredInterfaces' 'Lorg/codehaus/groovy/util/LazyReference;' @52  a 'org/codehaus/groovy/reflection/CachedClass$7'{0x00000000830f3008} (830f3008)
 - private final 'interfaces' 'Lorg/codehaus/groovy/util/LazyReference;' @56  a 'org/codehaus/groovy/reflection/CachedClass$8'{0x00000000830f3038} (830f3038)
 - private final 'cachedClass' 'Ljava/lang/Class;' @60  a 'java/lang/Class'{0x0000000080e133d8} = 'groovy/lang/GroovyObject' (80e133d8)
 - public 'classInfo' 'Lorg/codehaus/groovy/reflection/ClassInfo;' @64  a 'org/codehaus/groovy/reflection/ClassInfo'{0x00000000830f3130} (830f3130)
 - public 'mopMethods' '[Lorg/codehaus/groovy/reflection/CachedMethod;' @68  a 'org/codehaus/groovy/reflection/CachedMethod'[0] {0x00000000830f27a8} (830f27a8)
RSI=0x0000000000000001 is an unknown value
RDI=0x00000000000003e8 is an unknown value
R8 =0x0000000000000001 is an unknown value
R9 =0x00000000832d2b80 is an oop: [Lorg.codehaus.groovy.reflection.CachedClass; 
{0x00000000832d2b80} - klass: 'org/codehaus/groovy/reflection/CachedClass'[]
 - length: 1
R10=0x00000000895fd150 is an oop: [Lorg.codehaus.groovy.reflection.CachedClass; 
{0x00000000895fd150} - klass: 'org/codehaus/groovy/reflection/CachedClass'[]
 - length: 1
R11=0x00000000832d2bd8 is an oop: java.lang.reflect.Method 
{0x00000000832d2bd8} - klass: 'java/lang/reflect/Method'
 - ---- fields (total size 11 words):
 - 'override' 'Z' @12  false
 - volatile 'accessCheckCache' 'Ljava/lang/Object;' @16  NULL (0)
 - private volatile transient 'hasRealParameterData' 'Z' @13  false
 - private volatile transient 'parameters' '[Ljava/lang/reflect/Parameter;' @20  NULL (0)
 - private volatile transient 'declaredAnnotations' 'Ljava/util/Map;' @24  NULL (0)
 - private 'slot' 'I' @28  0
 - private synchronized 'modifiers' 'I' @32  1
 - private synchronized 'clazz' 'Ljava/lang/Class;' @36  a 'java/lang/Class'{0x0000000080e133d8} = 'groovy/lang/GroovyObject' (80e133d8)
 - private 'name' 'Ljava/lang/String;' @40  "getProperty"{0x00000000812b4618} (812b4618)
 - private 'returnType' 'Ljava/lang/Class;' @44  a 'java/lang/Class'{0x0000000080047be0} = 'java/lang/Object' (80047be0)
 - private 'parameterTypes' '[Ljava/lang/Class;' @48  a 'java/lang/Class'[1] {0x00000000830f2d78} (830f2d78)
 - private 'exceptionTypes' '[Ljava/lang/Class;' @52  a 'java/lang/Class'[0] {0x000000008004d810} (8004d810)
 - private transient 'signature' 'Ljava/lang/String;' @56  NULL (0)
 - private transient 'genericInfo' 'Lsun/reflect/generics/repository/MethodRepository;' @60  NULL (0)
 - private 'annotations' '[B' @64  [B{0x00000000830f2d90} (830f2d90)
 - private 'parameterAnnotations' '[B' @68  NULL (0)
 - private 'annotationDefault' '[B' @72  NULL (0)
 - private volatile 'methodAccessor' 'Ljdk/internal/reflect/MethodAccessor;' @76  NULL (0)
 - private 'root' 'Ljava/lang/reflect/Method;' @80  a 'java/lang/reflect/Method'{0x00000000830f2da8} (830f2da8)
R12=0x0 is NULL
R13=0x00000000832d2b80 is an oop: [Lorg.codehaus.groovy.reflection.CachedClass; 
{0x00000000832d2b80} - klass: 'org/codehaus/groovy/reflection/CachedClass'[]
 - length: 1
R14=0x00000000895fc7c0 is an oop: org.codehaus.groovy.reflection.CachedMethod 
{0x00000000895fc7c0} - klass: 'org/codehaus/groovy/reflection/CachedMethod'
 - ---- fields (total size 8 words):
 - protected 'isVargsMethod' 'Z' @12  false
 - protected volatile 'nativeParamTypes' '[Ljava/lang/Class;' @16  a 'java/lang/Class'[1] {0x00000000895fd138} (895fd138)
 - protected volatile 'parameterTypes' '[Lorg/codehaus/groovy/reflection/CachedClass;' @20  a 'org/codehaus/groovy/reflection/CachedClass'[1] {0x00000000895fd150} (895fd150)
 - private 'signature' 'Ljava/lang/String;' @24  NULL (0)
 - private 'mopName' 'Ljava/lang/String;' @28  NULL (0)
 - private 'skipCompiled' 'Z' @13  false
 - private 'makeAccessibleDone' 'Z' @14  false
 - private 'hashCode' 'I' @32  0
 - public final 'cachedClass' 'Lorg/codehaus/groovy/reflection/CachedClass;' @36  a 'org/codehaus/groovy/reflection/CachedClass'{0x0000000084e93950} (84e93950)
 - private final 'cachedMethod' 'Ljava/lang/reflect/Method;' @40  a 'java/lang/reflect/Method'{0x00000000895fbfa8} (895fbfa8)
 - private 'transformedMethod' 'Lorg/codehaus/groovy/reflection/CachedMethod;' @44  NULL (0)
 - private 'pogoCallSiteConstructor' 'Ljava/lang/ref/SoftReference;' @48  NULL (0)
 - private 'pojoCallSiteConstructor' 'Ljava/lang/ref/SoftReference;' @52  NULL (0)
 - private 'staticCallSiteConstructor' 'Ljava/lang/ref/SoftReference;' @56  NULL (0)
R15=0x00000265d2013ab0 is a thread


Registers:
RAX=0x00000000d6af3148, RBX=0x00000000895fc7c1, RCX=0x00000000895fd150, RDX=0x000000000052cdd0
RSP=0x000000a6ea5fb088, RBP=0x00000000830ee790, RSI=0x0000000000000001, RDI=0x00000000000003e8
R8 =0x0000000000000001, R9 =0x00000000832d2b80, R10=0x00000000895fd150, R11=0x00000000832d2bd8
R12=0x0000000000000000, R13=0x00000000832d2b80, R14=0x00000000895fc7c0, R15=0x00000265d2013ab0
RIP=0x00000265c2813410, EFLAGS=0x0000000000010203

Top of Stack: (sp=0x000000a6ea5fb088)
0x000000a6ea5fb088:   00000265c28d33e0 000000000000000a
0x000000a6ea5fb098:   000000000000000a 00000000832f5bd8
0x000000a6ea5fb0a8:   00000265c2e4ad5c 00000265c9b80000
0x000000a6ea5fb0b8:   0000000100000001 00000000832d2b28
0x000000a6ea5fb0c8:   00000000895fd138 0000000000000004
0x000000a6ea5fb0d8:   00000000895fd150 00000000895fc7c0
0x000000a6ea5fb0e8:   00000000895fd138 00000000895fd150
0x000000a6ea5fb0f8:   0000000000000000 895fc7c080047dc8
0x000000a6ea5fb108:   00000000832d2b28 00000265c9b80000
0x000000a6ea5fb118:   00000265c284844c 00000265c9b80000
0x000000a6ea5fb128:   0000000000000000 0000000000000001
0x000000a6ea5fb138:   00000000833cdc18 000000a6ea5fb218
0x000000a6ea5fb148:   00000265bb29f754 00000000895ed5a0
0x000000a6ea5fb158:   00000000830d0438 000000a6ea5fb218
0x000000a6ea5fb168:   00000265bb64c7ec 000000a6ea5fb218
0x000000a6ea5fb178:   00000000895fc7c0 00000000895ecc40 

Instructions: (pc=0x00000265c2813410)
0x00000265c2813310:   68 02 00 00 70 02 00 00 00 00 00 00 78 02 00 00
0x00000265c2813320:   98 02 00 00 a0 02 00 00 a0 02 00 00 a0 02 00 00
0x00000265c2813330:   a0 02 00 00 a0 02 00 00 a0 02 00 00 20 00 00 00
0x00000265c2813340:   ba 0d 00 00 01 00 00 00 00 00 00 00 02 00 00 00
0x00000265c2813350:   00 00 00 00 00 00 00 00 d3 01 00 00 04 00 00 00
0x00000265c2813360:   ff ff ff ff ff ff ff ff 0b 60 29 b0 0e f0 0e 80
0x00000265c2813370:   11 64 29 64 24 00 00 64 03 f8 30 c5 38 7a f8 7f
0x00000265c2813380:   05 70 0e 60 01 f8 7e ff 0e 90 0c 64 00 00 00 00
0x00000265c2813390:   00 00 00 00 00 00 00 00 00 00 00 00 00 00 00 00
0x00000265c28133a0:   44 8b 52 08 49 c1 e2 03 4c 3b d0 0f 85 cf dc 8e
0x00000265c28133b0:   ff 0f 1f 84 00 00 00 00 00 0f 1f 80 00 00 00 00
0x00000265c28133c0:   89 84 24 00 90 ff ff 55 48 83 ec 30 8b 42 24 48
0x00000265c28133d0:   83 c4 30 5d 49 3b a7 40 03 00 00 0f 87 01 00 00
0x00000265c28133e0:   00 c3 49 ba d4 33 81 c2 65 02 00 00 4d 89 97 58
0x00000265c28133f0:   03 00 00 e9 88 41 8f ff 90 90 49 8b 87 d0 03 00
0x00000265c2813400:   00 49 c7 87 d0 03 00 00 00 00 00 00 49 c7 87 d8
0x00000265c2813410:   03 00 00 00 00 00 00 48 83 c4 30 5d e9 5f e0 98
0x00000265c2813420:   ff f4 f4 f4 f4 f4 f4 f4 f4 f4 f4 f4 f4 f4 f4 f4
0x00000265c2813430:   f4 f4 f4 f4 f4 f4 f4 f4 f4 f4 f4 f4 f4 f4 f4 f4
0x00000265c2813440:   e8 3b 0d 99 ff 48 b9 38 7a 30 c5 f8 7f 00 00 48
0x00000265c2813450:   83 e4 f0 49 ba 70 7c f8 c4 f8 7f 00 00 41 ff d2
0x00000265c2813460:   f4 49 ba 61 34 81 c2 65 02 00 00 41 52 e9 2e 3a
0x00000265c2813470:   8f ff f4 f4 f4 f4 f4 f4 a0 07 80 80 00 00 00 00
0x00000265c2813480:   ff 00 00 00 00 00 00 00 ff ff ff ff 00 00 00 00
0x00000265c2813490:   00 00 00 00 00 00 00 00 d9 00 00 00 00 00 00 00
0x00000265c28134a0:   00 00 00 00 00 00 00 00 00 00 00 00 00 00 00 00
0x00000265c28134b0:   00 00 00 00 00 00 00 00 00 00 00 00 00 00 00 00
0x00000265c28134c0:   00 00 00 00 00 00 00 00 00 00 00 00 00 00 00 00
0x00000265c28134d0:   00 00 00 00 00 00 00 00 00 00 00 00 00 00 00 00
0x00000265c28134e0:   00 00 00 00 00 00 00 00 00 00 00 00 00 00 00 00
0x00000265c28134f0:   00 00 00 00 00 00 00 00 00 00 00 00 00 00 00 00
0x00000265c2813500:   06 00 00 00 00 00 00 00 01 00 00 00 00 00 00 00 


Stack slot to memory mapping:
stack at sp + 0 slots: 0x00000265c28d33e0 is at entry_point+8352 in (nmethod*)0x00000265c28d0f10
stack at sp + 1 slots: 0x000000000000000a is an unknown value
stack at sp + 2 slots: 0x000000000000000a is an unknown value
stack at sp + 3 slots: 0x00000000832f5bd8 is an oop: [B 
{0x00000000832f5bd8} - klass: {type array byte}
 - length: 15
stack at sp + 4 slots: 0x00000265c2e4ad5c is at entry_point+1020 in (nmethod*)0x00000265c2e4a510
stack at sp + 5 slots: 0x00000265c9b80000 points into unknown readable memory: 0x00020d000d020100 | 00 01 02 0d 00 0d 02 00
stack at sp + 6 slots: 0x0000000100000001 is pointing into metadata
stack at sp + 7 slots: 0x00000000832d2b28 is an oop: org.codehaus.groovy.reflection.CachedMethod 
{0x00000000832d2b28} - klass: 'org/codehaus/groovy/reflection/CachedMethod'
 - ---- fields (total size 8 words):
 - protected 'isVargsMethod' 'Z' @12  false
 - protected volatile 'nativeParamTypes' '[Ljava/lang/Class;' @16  a 'java/lang/Class'[1] {0x00000000832d2b68} (832d2b68)
 - protected volatile 'parameterTypes' '[Lorg/codehaus/groovy/reflection/CachedClass;' @20  a 'org/codehaus/groovy/reflection/CachedClass'[1] {0x00000000832d2b80} (832d2b80)
 - private 'signature' 'Ljava/lang/String;' @24  NULL (0)
 - private 'mopName' 'Ljava/lang/String;' @28  "super$1$getProperty"{0x00000000832d2b98} (832d2b98)
 - private 'skipCompiled' 'Z' @13  false
 - private 'makeAccessibleDone' 'Z' @14  false
 - private 'hashCode' 'I' @32  0
 - public final 'cachedClass' 'Lorg/codehaus/groovy/reflection/CachedClass;' @36  a 'org/codehaus/groovy/reflection/CachedClass'{0x00000000830ee790} (830ee790)
 - private final 'cachedMethod' 'Ljava/lang/reflect/Method;' @40  a 'java/lang/reflect/Method'{0x00000000832d2bd8} (832d2bd8)
 - private 'transformedMethod' 'Lorg/codehaus/groovy/reflection/CachedMethod;' @44  NULL (0)
 - private 'pogoCallSiteConstructor' 'Ljava/lang/ref/SoftReference;' @48  NULL (0)
 - private 'pojoCallSiteConstructor' 'Ljava/lang/ref/SoftReference;' @52  NULL (0)
 - private 'staticCallSiteConstructor' 'Ljava/lang/ref/SoftReference;' @56  NULL (0)

--------------------------------------------------------------------------------
[Constant Pool (empty)]

--------------------------------------------------------------------------------

[MachCode]
  0x00000265c28133a0: 448b 5208 | 49c1 e203 | 4c3b d00f | 85cf dc8e | ff0f 1f84 | 0000 0000 | 000f 1f80 | 0000 0000 
  0x00000265c28133c0: 8984 2400 | 90ff ff55 | 4883 ec30 | 8b42 2448 | 83c4 305d | 493b a740 | 0300 000f | 8701 0000 
  0x00000265c28133e0: 00c3 49ba | d433 81c2 | 6502 0000 | 4d89 9758 | 0300 00e9 | 8841 8fff | 9090 498b | 87d0 0300 
  0x00000265c2813400: 0049 c787 | d003 0000 | 0000 0000 | 49c7 87d8 | 0300 0000 | 0000 0048 | 83c4 305d | e95f e098 
  0x00000265c2813420: fff4 f4f4 | f4f4 f4f4 | f4f4 f4f4 | f4f4 f4f4 | f4f4 f4f4 | f4f4 f4f4 | f4f4 f4f4 | f4f4 f4f4 
  0x00000265c2813440: e83b 0d99 | ff48 b938 | 7a30 c5f8 | 7f00 0048 | 83e4 f049 | ba70 7cf8 | c4f8 7f00 | 0041 ffd2 
  0x00000265c2813460: f449 ba61 | 3481 c265 | 0200 0041 | 52e9 2e3a | 8fff f4f4 | f4f4 f4f4 
[/MachCode]
--------------------------------------------------------------------------------


---------------  P R O C E S S  ---------------

Threads class SMR info:
_java_thread_list=0x00000265d8fb4b60, length=62, elements={
0x00000265b76ab6d0, 0x00000265d090e1f0, 0x00000265d090f1f0, 0x00000265d09453b0,
0x00000265d0949190, 0x00000265d0949a50, 0x00000265d094a310, 0x00000265d094afb0,
0x00000265d094b960, 0x00000265d1440000, 0x00000265d155d360, 0x00000265d155d830,
0x00000265d2ebab00, 0x00000265d2527f90, 0x00000265d2c0d580, 0x00000265d231e050,
0x00000265d1a3ad60, 0x00000265d20105c0, 0x00000265d2013ab0, 0x00000265d2010f60,
0x00000265d20100f0, 0x00000265d2010a90, 0x00000265d2011430, 0x00000265d2011900,
0x00000265d20122a0, 0x00000265d2012c40, 0x00000265d2013110, 0x00000265d2c768b0,
0x00000265d2c74bd0, 0x00000265d2c72ef0, 0x00000265d2c750a0, 0x00000265d2c73890,
0x00000265d2c77bf0, 0x00000265d2c71bb0, 0x00000265d2c72a20, 0x00000265d2c75f10,
0x00000265d2c75a40, 0x00000265d2c74230, 0x00000265d2c74700, 0x00000265d2c763e0,
0x00000265d2c77250, 0x00000265d2c77720, 0x00000265d2c780c0, 0x00000265d2012770,
0x00000265d3bbccb0, 0x00000265d3bb7140, 0x00000265d3bb92f0, 0x00000265d3bbafd0,
0x00000265d3bb7ae0, 0x00000265d3bb7fb0, 0x00000265d3bbbe40, 0x00000265d3bb8480,
0x00000265d3bb9c90, 0x00000265d3bb7610, 0x00000265d3bbab00, 0x00000265d3bbc310,
0x00000265d3bbb4a0, 0x00000265d3bb8e20, 0x00000265d3bbd650, 0x00000265d3bb62d0,
0x00000265d3bb67a0, 0x00000265d20135e0
}

Java Threads: ( => current thread )
  0x00000265b76ab6d0 JavaThread "main" [_thread_blocked, id=2908, stack(0x000000a6e8b00000,0x000000a6e8c00000)]
  0x00000265d090e1f0 JavaThread "Reference Handler" daemon [_thread_blocked, id=2316, stack(0x000000a6e9200000,0x000000a6e9300000)]
  0x00000265d090f1f0 JavaThread "Finalizer" daemon [_thread_blocked, id=2928, stack(0x000000a6e9300000,0x000000a6e9400000)]
  0x00000265d09453b0 JavaThread "Signal Dispatcher" daemon [_thread_blocked, id=3284, stack(0x000000a6e9400000,0x000000a6e9500000)]
  0x00000265d0949190 JavaThread "Attach Listener" daemon [_thread_blocked, id=7708, stack(0x000000a6e9500000,0x000000a6e9600000)]
  0x00000265d0949a50 JavaThread "Service Thread" daemon [_thread_blocked, id=6528, stack(0x000000a6e9600000,0x000000a6e9700000)]
  0x00000265d094a310 JavaThread "Monitor Deflation Thread" daemon [_thread_blocked, id=5044, stack(0x000000a6e9700000,0x000000a6e9800000)]
  0x00000265d094afb0 JavaThread "C2 CompilerThread0" daemon [_thread_in_native, id=6124, stack(0x000000a6e9800000,0x000000a6e9900000)]
  0x00000265d094b960 JavaThread "C1 CompilerThread0" daemon [_thread_blocked, id=6280, stack(0x000000a6e9900000,0x000000a6e9a00000)]
  0x00000265d1440000 JavaThread "Sweeper thread" daemon [_thread_blocked, id=7012, stack(0x000000a6e9a00000,0x000000a6e9b00000)]
  0x00000265d155d360 JavaThread "Common-Cleaner" daemon [_thread_blocked, id=5280, stack(0x000000a6e9b00000,0x000000a6e9c00000)]
  0x00000265d155d830 JavaThread "Notification Thread" daemon [_thread_blocked, id=7644, stack(0x000000a6e9c00000,0x000000a6e9d00000)]
  0x00000265d2ebab00 JavaThread "Daemon health stats" [_thread_blocked, id=2636, stack(0x000000a6e9f00000,0x000000a6ea000000)]
  0x00000265d2527f90 JavaThread "Incoming local TCP Connector on port 50164" [_thread_in_native, id=4196, stack(0x000000a6ea000000,0x000000a6ea100000)]
  0x00000265d2c0d580 JavaThread "Daemon periodic checks" [_thread_blocked, id=4676, stack(0x000000a6ea100000,0x000000a6ea200000)]
  0x00000265d231e050 JavaThread "Daemon" [_thread_blocked, id=6176, stack(0x000000a6ea200000,0x000000a6ea300000)]
  0x00000265d1a3ad60 JavaThread "Handler for socket connection from /127.0.0.1:50164 to /127.0.0.1:50165" [_thread_in_native, id=4564, stack(0x000000a6ea300000,0x000000a6ea400000)]
  0x00000265d20105c0 JavaThread "Cancel handler" [_thread_blocked, id=120, stack(0x000000a6ea400000,0x000000a6ea500000)]
=>0x00000265d2013ab0 JavaThread "Daemon worker" [_thread_in_Java, id=3212, stack(0x000000a6ea500000,0x000000a6ea600000)]
  0x00000265d2010f60 JavaThread "Asynchronous log dispatcher for DefaultDaemonConnection: socket connection from /127.0.0.1:50164 to /127.0.0.1:50165" [_thread_blocked, id=2664, stack(0x000000a6ea600000,0x000000a6ea700000)]
  0x00000265d20100f0 JavaThread "Daemon client event forwarder" [_thread_blocked, id=2304, stack(0x000000a6ea800000,0x000000a6ea900000)]
  0x00000265d2010a90 JavaThread "Cache worker for journal cache (C:\Users\froil\.gradle\caches\journal-1)" [_thread_blocked, id=8060, stack(0x000000a6ea900000,0x000000a6eaa00000)]
  0x00000265d2011430 JavaThread "File lock request listener" [_thread_in_native, id=8016, stack(0x000000a6eaa00000,0x000000a6eab00000)]
  0x00000265d2011900 JavaThread "Cache worker for file hash cache (C:\Users\froil\.gradle\caches\8.0\fileHashes)" [_thread_blocked, id=2656, stack(0x000000a6eab00000,0x000000a6eac00000)]
  0x00000265d20122a0 JavaThread "File watcher server" daemon [_thread_in_native, id=1164, stack(0x000000a6eac00000,0x000000a6ead00000)]
  0x00000265d2012c40 JavaThread "File watcher consumer" daemon [_thread_blocked, id=5688, stack(0x000000a6ead00000,0x000000a6eae00000)]
  0x00000265d2013110 JavaThread "jar transforms" [_thread_blocked, id=2416, stack(0x000000a6eae00000,0x000000a6eaf00000)]
  0x00000265d2c768b0 JavaThread "jar transforms Thread 2" [_thread_blocked, id=232, stack(0x000000a6eaf00000,0x000000a6eb000000)]
  0x00000265d2c74bd0 JavaThread "Cache worker for checksums cache (C:\Users\froil\AndroidStudioProjects\AquinoLendingApp\.gradle\8.0\checksums)" [_thread_blocked, id=7360, stack(0x000000a6eb200000,0x000000a6eb300000)]
  0x00000265d2c72ef0 JavaThread "Cache worker for cache directory md-rule (C:\Users\froil\.gradle\caches\8.0\md-rule)" [_thread_blocked, id=3564, stack(0x000000a6eb300000,0x000000a6eb400000)]
  0x00000265d2c750a0 JavaThread "Cache worker for file content cache (C:\Users\froil\.gradle\caches\8.0\fileContent)" [_thread_blocked, id=4408, stack(0x000000a6eb400000,0x000000a6eb500000)]
  0x00000265d2c73890 JavaThread "Cache worker for file hash cache (C:\Users\froil\AndroidStudioProjects\AquinoLendingApp\.gradle\8.0\fileHashes)" [_thread_blocked, id=2468, stack(0x000000a6eb500000,0x000000a6eb600000)]
  0x00000265d2c77bf0 JavaThread "Cache worker for cache directory md-supplier (C:\Users\froil\.gradle\caches\8.0\md-supplier)" [_thread_blocked, id=3232, stack(0x000000a6eb600000,0x000000a6eb700000)]
  0x00000265d2c71bb0 JavaThread "Cache worker for execution history cache (C:\Users\froil\.gradle\caches\8.0\executionHistory)" [_thread_blocked, id=7988, stack(0x000000a6eb700000,0x000000a6eb800000)]
  0x00000265d2c72a20 JavaThread "Cache worker for dependencies-accessors (C:\Users\froil\AndroidStudioProjects\AquinoLendingApp\.gradle\8.0\dependencies-accessors)" [_thread_blocked, id=5672, stack(0x000000a6e8900000,0x000000a6e8a00000)]
  0x00000265d2c75f10 JavaThread "Cache worker for Build Output Cleanup Cache (C:\Users\froil\AndroidStudioProjects\AquinoLendingApp\.gradle\buildOutputCleanup)" [_thread_blocked, id=7380, stack(0x000000a6ea700000,0x000000a6ea800000)]
  0x00000265d2c75a40 JavaThread "Unconstrained build operations" [_thread_blocked, id=7760, stack(0x000000a6eb000000,0x000000a6eb100000)]
  0x00000265d2c74230 JavaThread "Unconstrained build operations Thread 2" [_thread_blocked, id=5184, stack(0x000000a6eb100000,0x000000a6eb200000)]
  0x00000265d2c74700 JavaThread "Unconstrained build operations Thread 3" [_thread_blocked, id=7248, stack(0x000000a6eb800000,0x000000a6eb900000)]
  0x00000265d2c763e0 JavaThread "Unconstrained build operations Thread 4" [_thread_blocked, id=6460, stack(0x000000a6eb900000,0x000000a6eba00000)]
  0x00000265d2c77250 JavaThread "Unconstrained build operations Thread 5" [_thread_blocked, id=2876, stack(0x000000a6eba00000,0x000000a6ebb00000)]
  0x00000265d2c77720 JavaThread "Unconstrained build operations Thread 6" [_thread_blocked, id=780, stack(0x000000a6ebb00000,0x000000a6ebc00000)]
  0x00000265d2c780c0 JavaThread "Unconstrained build operations Thread 7" [_thread_blocked, id=6292, stack(0x000000a6ebc00000,0x000000a6ebd00000)]
  0x00000265d2012770 JavaThread "Unconstrained build operations Thread 8" [_thread_blocked, id=1208, stack(0x000000a6ebd00000,0x000000a6ebe00000)]
  0x00000265d3bbccb0 JavaThread "Unconstrained build operations Thread 9" [_thread_blocked, id=4104, stack(0x000000a6ebe00000,0x000000a6ebf00000)]
  0x00000265d3bb7140 JavaThread "Unconstrained build operations Thread 10" [_thread_blocked, id=5976, stack(0x000000a6ebf00000,0x000000a6ec000000)]
  0x00000265d3bb92f0 JavaThread "Unconstrained build operations Thread 11" [_thread_blocked, id=2092, stack(0x000000a6ec000000,0x000000a6ec100000)]
  0x00000265d3bbafd0 JavaThread "Unconstrained build operations Thread 12" [_thread_blocked, id=7908, stack(0x000000a6ec100000,0x000000a6ec200000)]
  0x00000265d3bb7ae0 JavaThread "Unconstrained build operations Thread 13" [_thread_blocked, id=6624, stack(0x000000a6ec200000,0x000000a6ec300000)]
  0x00000265d3bb7fb0 JavaThread "Unconstrained build operations Thread 14" [_thread_blocked, id=7036, stack(0x000000a6ec300000,0x000000a6ec400000)]
  0x00000265d3bbbe40 JavaThread "Unconstrained build operations Thread 15" [_thread_blocked, id=5260, stack(0x000000a6ec400000,0x000000a6ec500000)]
  0x00000265d3bb8480 JavaThread "Unconstrained build operations Thread 16" [_thread_blocked, id=5624, stack(0x000000a6ec500000,0x000000a6ec600000)]
  0x00000265d3bb9c90 JavaThread "Unconstrained build operations Thread 17" [_thread_blocked, id=3104, stack(0x000000a6ec600000,0x000000a6ec700000)]
  0x00000265d3bb7610 JavaThread "Unconstrained build operations Thread 18" [_thread_blocked, id=6420, stack(0x000000a6ec700000,0x000000a6ec800000)]
  0x00000265d3bbab00 JavaThread "Unconstrained build operations Thread 19" [_thread_blocked, id=3888, stack(0x000000a6ec800000,0x000000a6ec900000)]
  0x00000265d3bbc310 JavaThread "Unconstrained build operations Thread 20" [_thread_blocked, id=324, stack(0x000000a6ec900000,0x000000a6eca00000)]
  0x00000265d3bbb4a0 JavaThread "Memory manager" [_thread_blocked, id=5948, stack(0x000000a6eca00000,0x000000a6ecb00000)]
  0x00000265d3bb8e20 JavaThread "pool-3-thread-1" [_thread_blocked, id=3868, stack(0x000000a6ecc00000,0x000000a6ecd00000)]
  0x00000265d3bbd650 JavaThread "included builds" [_thread_blocked, id=2528, stack(0x000000a6ecb00000,0x000000a6ecc00000)]
  0x00000265d3bb62d0 JavaThread "Execution worker" [_thread_blocked, id=1828, stack(0x000000a6ecd00000,0x000000a6ece00000)]
  0x00000265d3bb67a0 JavaThread "Cache worker for execution history cache (C:\Users\froil\AndroidStudioProjects\AquinoLendingApp\.gradle\8.0\executionHistory)" [_thread_blocked, id=4468, stack(0x000000a6ece00000,0x000000a6ecf00000)]
  0x00000265d20135e0 JavaThread "idea-tooling-model-converter" [_thread_blocked, id=764, stack(0x000000a6ecf00000,0x000000a6ed000000)]

Other Threads:
  0x00000265b777e0c0 VMThread "VM Thread" [stack: 0x000000a6e9100000,0x000000a6e9200000] [id=5296]
  0x00000265d144f970 WatcherThread [stack: 0x000000a6e9d00000,0x000000a6e9e00000] [id=2504]
  0x00000265b7709510 GCTaskThread "GC Thread#0" [stack: 0x000000a6e8c00000,0x000000a6e8d00000] [id=4008]
  0x00000265d170b2c0 GCTaskThread "GC Thread#1" [stack: 0x000000a6e9e00000,0x000000a6e9f00000] [id=5052]
  0x00000265b771a360 ConcurrentGCThread "G1 Main Marker" [stack: 0x000000a6e8d00000,0x000000a6e8e00000] [id=4340]
  0x00000265b771ac80 ConcurrentGCThread "G1 Conc#0" [stack: 0x000000a6e8e00000,0x000000a6e8f00000] [id=8156]
  0x00000265b774de50 ConcurrentGCThread "G1 Refine#0" [stack: 0x000000a6e8f00000,0x000000a6e9000000] [id=1228]
  0x00000265b774e780 ConcurrentGCThread "G1 Service" [stack: 0x000000a6e9000000,0x000000a6e9100000] [id=7208]

Threads with active compile tasks:
C2 CompilerThread0   406442 13316       4       jdk.internal.jimage.ImageLocation::verify (218 bytes)

VM state: not at safepoint (normal execution)

VM Mutex/Monitor currently owned by a thread: None

Heap address: 0x0000000080000000, size: 2048 MB, Compressed Oops mode: 32-bit

CDS archive(s) not mapped
Compressed class space mapped at: 0x0000000100000000-0x0000000140000000, reserved size: 1073741824
Narrow klass base: 0x0000000000000000, Narrow klass shift: 3, Narrow klass range: 0x140000000

GC Precious Log:
 CPUs: 2 total, 2 available
 Memory: 3691M
 Large Page Support: Disabled
 NUMA Support: Disabled
 Compressed Oops: Enabled (32-bit)
 Heap Region Size: 1M
 Heap Min Capacity: 8M
 Heap Initial Capacity: 58M
 Heap Max Capacity: 2G
 Pre-touch: Disabled
 Parallel Workers: 2
 Concurrent Workers: 1
 Concurrent Refinement Workers: 2
 Periodic GC: Disabled

Heap:
 garbage-first heap   total 243712K, used 221206K [0x0000000080000000, 0x0000000100000000)
  region size 1024K, 91 young (93184K), 5 survivors (5120K)
 Metaspace       used 99002K, committed 99712K, reserved 1138688K
  class space    used 12995K, committed 13312K, reserved 1048576K

Heap Regions: E=young(eden), S=young(survivor), O=old, HS=humongous(starts), HC=humongous(continues), CS=collection set, F=free, OA=open archive, CA=closed archive, TAMS=top-at-mark-start (previous, next)
|   0|0x0000000080000000, 0x0000000080100000, 0x0000000080100000|100%| O|  |TAMS 0x0000000080100000, 0x0000000080000000| Untracked 
|   1|0x0000000080100000, 0x0000000080200000, 0x0000000080200000|100%| O|  |TAMS 0x0000000080200000, 0x0000000080100000| Untracked 
|   2|0x0000000080200000, 0x0000000080300000, 0x0000000080300000|100%| O|  |TAMS 0x0000000080300000, 0x0000000080200000| Untracked 
|   3|0x0000000080300000, 0x0000000080400000, 0x0000000080400000|100%|HS|  |TAMS 0x0000000080400000, 0x0000000080300000| Complete 
|   4|0x0000000080400000, 0x0000000080500000, 0x0000000080500000|100%|HC|  |TAMS 0x0000000080500000, 0x0000000080400000| Complete 
|   5|0x0000000080500000, 0x0000000080600000, 0x0000000080600000|100%|HC|  |TAMS 0x0000000080600000, 0x0000000080500000| Complete 
|   6|0x0000000080600000, 0x0000000080700000, 0x0000000080700000|100%|HC|  |TAMS 0x0000000080700000, 0x0000000080600000| Complete 
|   7|0x0000000080700000, 0x0000000080800000, 0x0000000080800000|100%| O|  |TAMS 0x0000000080800000, 0x0000000080700000| Untracked 
|   8|0x0000000080800000, 0x0000000080900000, 0x0000000080900000|100%| O|  |TAMS 0x0000000080900000, 0x0000000080800000| Untracked 
|   9|0x0000000080900000, 0x0000000080a00000, 0x0000000080a00000|100%| O|  |TAMS 0x0000000080a00000, 0x0000000080900000| Untracked 
|  10|0x0000000080a00000, 0x0000000080b00000, 0x0000000080b00000|100%| O|  |TAMS 0x0000000080b00000, 0x0000000080a00000| Untracked 
|  11|0x0000000080b00000, 0x0000000080c00000, 0x0000000080c00000|100%| O|  |TAMS 0x0000000080c00000, 0x0000000080b00000| Untracked 
|  12|0x0000000080c00000, 0x0000000080d00000, 0x0000000080d00000|100%| O|  |TAMS 0x0000000080d00000, 0x0000000080c00000| Untracked 
|  13|0x0000000080d00000, 0x0000000080e00000, 0x0000000080e00000|100%| O|  |TAMS 0x0000000080e00000, 0x0000000080d00000| Untracked 
|  14|0x0000000080e00000, 0x0000000080f00000, 0x0000000080f00000|100%| O|  |TAMS 0x0000000080f00000, 0x0000000080e00000| Untracked 
|  15|0x0000000080f00000, 0x0000000081000000, 0x0000000081000000|100%| O|  |TAMS 0x0000000081000000, 0x0000000080f00000| Untracked 
|  16|0x0000000081000000, 0x0000000081100000, 0x0000000081100000|100%| O|  |TAMS 0x0000000081100000, 0x0000000081000000| Untracked 
|  17|0x0000000081100000, 0x0000000081200000, 0x0000000081200000|100%| O|  |TAMS 0x0000000081200000, 0x0000000081100000| Untracked 
|  18|0x0000000081200000, 0x0000000081300000, 0x0000000081300000|100%| O|  |TAMS 0x0000000081300000, 0x0000000081200000| Untracked 
|  19|0x0000000081300000, 0x0000000081400000, 0x0000000081400000|100%| O|  |TAMS 0x0000000081400000, 0x0000000081300000| Untracked 
|  20|0x0000000081400000, 0x0000000081500000, 0x0000000081500000|100%| O|  |TAMS 0x0000000081500000, 0x0000000081400000| Untracked 
|  21|0x0000000081500000, 0x0000000081600000, 0x0000000081600000|100%|HS|  |TAMS 0x0000000081600000, 0x0000000081500000| Complete 
|  22|0x0000000081600000, 0x0000000081700000, 0x0000000081700000|100%|HC|  |TAMS 0x0000000081700000, 0x0000000081600000| Complete 
|  23|0x0000000081700000, 0x0000000081800000, 0x0000000081800000|100%|HS|  |TAMS 0x0000000081800000, 0x0000000081700000| Complete 
|  24|0x0000000081800000, 0x0000000081900000, 0x0000000081900000|100%|HC|  |TAMS 0x0000000081900000, 0x0000000081800000| Complete 
|  25|0x0000000081900000, 0x0000000081a00000, 0x0000000081a00000|100%|HC|  |TAMS 0x0000000081a00000, 0x0000000081900000| Complete 
|  26|0x0000000081a00000, 0x0000000081b00000, 0x0000000081b00000|100%|HS|  |TAMS 0x0000000081b00000, 0x0000000081a00000| Complete 
|  27|0x0000000081b00000, 0x0000000081c00000, 0x0000000081c00000|100%|HC|  |TAMS 0x0000000081c00000, 0x0000000081b00000| Complete 
|  28|0x0000000081c00000, 0x0000000081d00000, 0x0000000081d00000|100%|HC|  |TAMS 0x0000000081d00000, 0x0000000081c00000| Complete 
|  29|0x0000000081d00000, 0x0000000081e00000, 0x0000000081e00000|100%| O|  |TAMS 0x0000000081e00000, 0x0000000081d00000| Untracked 
|  30|0x0000000081e00000, 0x0000000081f00000, 0x0000000081f00000|100%| O|  |TAMS 0x0000000081f00000, 0x0000000081e00000| Untracked 
|  31|0x0000000081f00000, 0x0000000082000000, 0x0000000082000000|100%|HS|  |TAMS 0x0000000082000000, 0x0000000081f00000| Complete 
|  32|0x0000000082000000, 0x0000000082100000, 0x0000000082100000|100%|HC|  |TAMS 0x0000000082100000, 0x0000000082000000| Complete 
|  33|0x0000000082100000, 0x0000000082200000, 0x0000000082200000|100%|HC|  |TAMS 0x0000000082200000, 0x0000000082100000| Complete 
|  34|0x0000000082200000, 0x0000000082300000, 0x0000000082300000|100%|HC|  |TAMS 0x0000000082300000, 0x0000000082200000| Complete 
|  35|0x0000000082300000, 0x0000000082400000, 0x0000000082400000|100%|HC|  |TAMS 0x0000000082400000, 0x0000000082300000| Complete 
|  36|0x0000000082400000, 0x0000000082500000, 0x0000000082500000|100%|HC|  |TAMS 0x0000000082500000, 0x0000000082400000| Complete 
|  37|0x0000000082500000, 0x0000000082600000, 0x0000000082600000|100%|HC|  |TAMS 0x0000000082600000, 0x0000000082500000| Complete 
|  38|0x0000000082600000, 0x0000000082700000, 0x0000000082700000|100%|HC|  |TAMS 0x0000000082700000, 0x0000000082600000| Complete 
|  39|0x0000000082700000, 0x0000000082800000, 0x0000000082800000|100%|HC|  |TAMS 0x0000000082800000, 0x0000000082700000| Complete 
|  40|0x0000000082800000, 0x0000000082900000, 0x0000000082900000|100%|HC|  |TAMS 0x0000000082900000, 0x0000000082800000| Complete 
|  41|0x0000000082900000, 0x0000000082a00000, 0x0000000082a00000|100%|HC|  |TAMS 0x0000000082a00000, 0x0000000082900000| Complete 
|  42|0x0000000082a00000, 0x0000000082b00000, 0x0000000082b00000|100%|HC|  |TAMS 0x0000000082b00000, 0x0000000082a00000| Complete 
|  43|0x0000000082b00000, 0x0000000082c00000, 0x0000000082c00000|100%|HS|  |TAMS 0x0000000082c00000, 0x0000000082b00000| Complete 
|  44|0x0000000082c00000, 0x0000000082d00000, 0x0000000082d00000|100%|HC|  |TAMS 0x0000000082d00000, 0x0000000082c00000| Complete 
|  45|0x0000000082d00000, 0x0000000082e00000, 0x0000000082e00000|100%| O|  |TAMS 0x0000000082e00000, 0x0000000082d00000| Untracked 
|  46|0x0000000082e00000, 0x0000000082f00000, 0x0000000082f00000|100%| O|  |TAMS 0x0000000082f00000, 0x0000000082e00000| Untracked 
|  47|0x0000000082f00000, 0x0000000083000000, 0x0000000083000000|100%| O|  |TAMS 0x0000000083000000, 0x0000000082f00000| Untracked 
|  48|0x0000000083000000, 0x0000000083100000, 0x0000000083100000|100%| O|  |TAMS 0x0000000083100000, 0x0000000083000000| Untracked 
|  49|0x0000000083100000, 0x0000000083200000, 0x0000000083200000|100%| O|  |TAMS 0x0000000083200000, 0x0000000083100000| Untracked 
|  50|0x0000000083200000, 0x0000000083300000, 0x0000000083300000|100%| O|  |TAMS 0x0000000083300000, 0x0000000083200000| Untracked 
|  51|0x0000000083300000, 0x0000000083400000, 0x0000000083400000|100%| O|  |TAMS 0x0000000083400000, 0x0000000083300000| Untracked 
|  52|0x0000000083400000, 0x0000000083500000, 0x0000000083500000|100%| O|  |TAMS 0x0000000083500000, 0x0000000083400000| Untracked 
|  53|0x0000000083500000, 0x0000000083600000, 0x0000000083600000|100%| O|  |TAMS 0x0000000083600000, 0x0000000083500000| Untracked 
|  54|0x0000000083600000, 0x0000000083700000, 0x0000000083700000|100%| O|  |TAMS 0x0000000083700000, 0x0000000083600000| Untracked 
|  55|0x0000000083700000, 0x0000000083800000, 0x0000000083800000|100%| O|  |TAMS 0x0000000083800000, 0x0000000083700000| Untracked 
|  56|0x0000000083800000, 0x0000000083900000, 0x0000000083900000|100%|HS|  |TAMS 0x0000000083900000, 0x0000000083800000| Complete 
|  57|0x0000000083900000, 0x0000000083a00000, 0x0000000083a00000|100%|HC|  |TAMS 0x0000000083a00000, 0x0000000083900000| Complete 
|  58|0x0000000083a00000, 0x0000000083b00000, 0x0000000083b00000|100%|HC|  |TAMS 0x0000000083b00000, 0x0000000083a00000| Complete 
|  59|0x0000000083b00000, 0x0000000083c00000, 0x0000000083c00000|100%| O|  |TAMS 0x0000000083c00000, 0x0000000083b00000| Untracked 
|  60|0x0000000083c00000, 0x0000000083d00000, 0x0000000083d00000|100%| O|  |TAMS 0x0000000083d00000, 0x0000000083c00000| Untracked 
|  61|0x0000000083d00000, 0x0000000083e00000, 0x0000000083e00000|100%| O|  |TAMS 0x0000000083e00000, 0x0000000083d00000| Untracked 
|  62|0x0000000083e00000, 0x0000000083f00000, 0x0000000083f00000|100%| O|  |TAMS 0x0000000083f00000, 0x0000000083e00000| Untracked 
|  63|0x0000000083f00000, 0x0000000084000000, 0x0000000084000000|100%| O|  |TAMS 0x0000000084000000, 0x0000000083f00000| Untracked 
|  64|0x0000000084000000, 0x0000000084100000, 0x0000000084100000|100%| O|  |TAMS 0x0000000084100000, 0x0000000084000000| Complete 
|  65|0x0000000084100000, 0x0000000084200000, 0x0000000084200000|100%| O|  |TAMS 0x0000000084200000, 0x0000000084100000| Complete 
|  66|0x0000000084200000, 0x0000000084300000, 0x0000000084300000|100%| O|  |TAMS 0x0000000084300000, 0x0000000084200000| Untracked 
|  67|0x0000000084300000, 0x0000000084400000, 0x0000000084400000|100%| O|  |TAMS 0x0000000084400000, 0x0000000084300000| Untracked 
|  68|0x0000000084400000, 0x0000000084500000, 0x0000000084500000|100%| O|  |TAMS 0x0000000084500000, 0x0000000084400000| Untracked 
|  69|0x0000000084500000, 0x0000000084600000, 0x0000000084600000|100%| O|  |TAMS 0x0000000084600000, 0x0000000084500000| Untracked 
|  70|0x0000000084600000, 0x0000000084700000, 0x0000000084700000|100%| O|  |TAMS 0x0000000084700000, 0x0000000084600000| Untracked 
|  71|0x0000000084700000, 0x0000000084800000, 0x0000000084800000|100%|HS|  |TAMS 0x0000000084800000, 0x0000000084700000| Complete 
|  72|0x0000000084800000, 0x0000000084900000, 0x0000000084900000|100%|HC|  |TAMS 0x0000000084900000, 0x0000000084800000| Complete 
|  73|0x0000000084900000, 0x0000000084a00000, 0x0000000084a00000|100%|HC|  |TAMS 0x0000000084a00000, 0x0000000084900000| Complete 
|  74|0x0000000084a00000, 0x0000000084b00000, 0x0000000084b00000|100%| O|  |TAMS 0x0000000084b00000, 0x0000000084a00000| Untracked 
|  75|0x0000000084b00000, 0x0000000084c00000, 0x0000000084c00000|100%| O|  |TAMS 0x0000000084c00000, 0x0000000084b00000| Untracked 
|  76|0x0000000084c00000, 0x0000000084d00000, 0x0000000084d00000|100%| O|  |TAMS 0x0000000084d00000, 0x0000000084c00000| Untracked 
|  77|0x0000000084d00000, 0x0000000084e00000, 0x0000000084e00000|100%| O|  |TAMS 0x0000000084e00000, 0x0000000084d00000| Untracked 
|  78|0x0000000084e00000, 0x0000000084f00000, 0x0000000084f00000|100%| O|  |TAMS 0x0000000084f00000, 0x0000000084e00000| Untracked 
|  79|0x0000000084f00000, 0x0000000085000000, 0x0000000085000000|100%| O|  |TAMS 0x0000000085000000, 0x0000000084f00000| Untracked 
|  80|0x0000000085000000, 0x0000000085100000, 0x0000000085100000|100%| O|  |TAMS 0x0000000085100000, 0x0000000085000000| Untracked 
|  81|0x0000000085100000, 0x0000000085200000, 0x0000000085200000|100%| O|  |TAMS 0x0000000085200000, 0x0000000085100000| Untracked 
|  82|0x0000000085200000, 0x0000000085300000, 0x0000000085300000|100%| O|  |TAMS 0x0000000085300000, 0x0000000085200000| Untracked 
|  83|0x0000000085300000, 0x0000000085400000, 0x0000000085400000|100%| O|  |TAMS 0x0000000085400000, 0x0000000085300000| Untracked 
|  84|0x0000000085400000, 0x0000000085500000, 0x0000000085500000|100%| O|  |TAMS 0x0000000085500000, 0x0000000085400000| Untracked 
|  85|0x0000000085500000, 0x0000000085600000, 0x0000000085600000|100%| O|  |TAMS 0x0000000085600000, 0x0000000085500000| Untracked 
|  86|0x0000000085600000, 0x0000000085700000, 0x0000000085700000|100%| O|  |TAMS 0x0000000085700000, 0x0000000085600000| Untracked 
|  87|0x0000000085700000, 0x0000000085800000, 0x0000000085800000|100%| O|  |TAMS 0x0000000085800000, 0x0000000085700000| Untracked 
|  88|0x0000000085800000, 0x0000000085900000, 0x0000000085900000|100%|HS|  |TAMS 0x0000000085900000, 0x0000000085800000| Complete 
|  89|0x0000000085900000, 0x0000000085a00000, 0x0000000085a00000|100%| O|  |TAMS 0x00000000859cc800, 0x0000000085900000| Untracked 
|  90|0x0000000085a00000, 0x0000000085b00000, 0x0000000085b00000|100%|HS|  |TAMS 0x0000000085b00000, 0x0000000085a00000| Complete 
|  91|0x0000000085b00000, 0x0000000085c00000, 0x0000000085c00000|100%|HS|  |TAMS 0x0000000085c00000, 0x0000000085b00000| Complete 
|  92|0x0000000085c00000, 0x0000000085d00000, 0x0000000085d00000|100%|HS|  |TAMS 0x0000000085c00000, 0x0000000085c00000| Complete 
|  93|0x0000000085d00000, 0x0000000085e00000, 0x0000000085e00000|100%| O|  |TAMS 0x0000000085d00000, 0x0000000085d00000| Untracked 
|  94|0x0000000085e00000, 0x0000000085f00000, 0x0000000085f00000|100%| O|  |TAMS 0x0000000085e00000, 0x0000000085e00000| Untracked 
|  95|0x0000000085f00000, 0x0000000086000000, 0x0000000086000000|100%| O|  |TAMS 0x0000000085f00000, 0x0000000085f00000| Untracked 
|  96|0x0000000086000000, 0x0000000086100000, 0x0000000086100000|100%| O|  |TAMS 0x0000000086000000, 0x0000000086000000| Untracked 
|  97|0x0000000086100000, 0x0000000086200000, 0x0000000086200000|100%| O|  |TAMS 0x0000000086100000, 0x0000000086100000| Untracked 
|  98|0x0000000086200000, 0x0000000086300000, 0x0000000086300000|100%| O|  |TAMS 0x0000000086200000, 0x0000000086200000| Untracked 
|  99|0x0000000086300000, 0x0000000086400000, 0x0000000086400000|100%| O|  |TAMS 0x0000000086300000, 0x0000000086300000| Untracked 
| 100|0x0000000086400000, 0x0000000086500000, 0x0000000086500000|100%| O|  |TAMS 0x0000000086400000, 0x0000000086400000| Untracked 
| 101|0x0000000086500000, 0x0000000086600000, 0x0000000086600000|100%| O|  |TAMS 0x0000000086500000, 0x0000000086500000| Untracked 
| 102|0x0000000086600000, 0x0000000086700000, 0x0000000086700000|100%| O|  |TAMS 0x0000000086600000, 0x0000000086600000| Untracked 
| 103|0x0000000086700000, 0x0000000086800000, 0x0000000086800000|100%| O|  |TAMS 0x0000000086700000, 0x0000000086700000| Untracked 
| 104|0x0000000086800000, 0x0000000086900000, 0x0000000086900000|100%| O|  |TAMS 0x0000000086800000, 0x0000000086800000| Untracked 
| 105|0x0000000086900000, 0x0000000086905a00, 0x0000000086a00000|  2%| O|  |TAMS 0x0000000086900000, 0x0000000086900000| Untracked 
| 106|0x0000000086a00000, 0x0000000086b00000, 0x0000000086b00000|100%|HS|  |TAMS 0x0000000086a00000, 0x0000000086a00000| Complete 
| 107|0x0000000086b00000, 0x0000000086c00000, 0x0000000086c00000|100%|HC|  |TAMS 0x0000000086b00000, 0x0000000086b00000| Complete 
| 108|0x0000000086c00000, 0x0000000086d00000, 0x0000000086d00000|100%|HS|  |TAMS 0x0000000086c00000, 0x0000000086c00000| Complete 
| 109|0x0000000086d00000, 0x0000000086e00000, 0x0000000086e00000|100%|HC|  |TAMS 0x0000000086d00000, 0x0000000086d00000| Complete 
| 110|0x0000000086e00000, 0x0000000086f00000, 0x0000000086f00000|100%|HC|  |TAMS 0x0000000086e00000, 0x0000000086e00000| Complete 
| 111|0x0000000086f00000, 0x0000000087000000, 0x0000000087000000|100%|HS|  |TAMS 0x0000000086f00000, 0x0000000086f00000| Complete 
| 112|0x0000000087000000, 0x0000000087100000, 0x0000000087100000|100%|HC|  |TAMS 0x0000000087000000, 0x0000000087000000| Complete 
| 113|0x0000000087100000, 0x0000000087200000, 0x0000000087200000|100%|HC|  |TAMS 0x0000000087100000, 0x0000000087100000| Complete 
| 114|0x0000000087200000, 0x0000000087300000, 0x0000000087300000|100%|HS|  |TAMS 0x0000000087200000, 0x0000000087200000| Complete 
| 115|0x0000000087300000, 0x0000000087400000, 0x0000000087400000|100%|HC|  |TAMS 0x0000000087300000, 0x0000000087300000| Complete 
| 116|0x0000000087400000, 0x0000000087500000, 0x0000000087500000|100%|HC|  |TAMS 0x0000000087400000, 0x0000000087400000| Complete 
| 117|0x0000000087500000, 0x0000000087600000, 0x0000000087600000|100%|HC|  |TAMS 0x0000000087500000, 0x0000000087500000| Complete 
| 118|0x0000000087600000, 0x0000000087700000, 0x0000000087700000|100%|HC|  |TAMS 0x0000000087600000, 0x0000000087600000| Complete 
| 119|0x0000000087700000, 0x0000000087800000, 0x0000000087800000|100%|HC|  |TAMS 0x0000000087700000, 0x0000000087700000| Complete 
| 120|0x0000000087800000, 0x0000000087900000, 0x0000000087900000|100%|HC|  |TAMS 0x0000000087800000, 0x0000000087800000| Complete 
| 121|0x0000000087900000, 0x0000000087a00000, 0x0000000087a00000|100%|HC|  |TAMS 0x0000000087900000, 0x0000000087900000| Complete 
| 122|0x0000000087a00000, 0x0000000087b00000, 0x0000000087b00000|100%|HC|  |TAMS 0x0000000087a00000, 0x0000000087a00000| Complete 
| 123|0x0000000087b00000, 0x0000000087c00000, 0x0000000087c00000|100%|HC|  |TAMS 0x0000000087b00000, 0x0000000087b00000| Complete 
| 124|0x0000000087c00000, 0x0000000087d00000, 0x0000000087d00000|100%|HC|  |TAMS 0x0000000087c00000, 0x0000000087c00000| Complete 
| 125|0x0000000087d00000, 0x0000000087e00000, 0x0000000087e00000|100%|HC|  |TAMS 0x0000000087d00000, 0x0000000087d00000| Complete 
| 126|0x0000000087e00000, 0x0000000087f00000, 0x0000000087f00000|100%|HS|  |TAMS 0x0000000087e00000, 0x0000000087e00000| Complete 
| 127|0x0000000087f00000, 0x0000000088000000, 0x0000000088000000|100%|HC|  |TAMS 0x0000000087f00000, 0x0000000087f00000| Complete 
| 128|0x0000000088000000, 0x0000000088000000, 0x0000000088100000|  0%| F|  |TAMS 0x0000000088000000, 0x0000000088000000| Untracked 
| 129|0x0000000088100000, 0x0000000088100000, 0x0000000088200000|  0%| F|  |TAMS 0x0000000088100000, 0x0000000088100000| Untracked 
| 130|0x0000000088200000, 0x0000000088200000, 0x0000000088300000|  0%| F|  |TAMS 0x0000000088200000, 0x0000000088200000| Untracked 
| 131|0x0000000088300000, 0x0000000088300000, 0x0000000088400000|  0%| F|  |TAMS 0x0000000088300000, 0x0000000088300000| Untracked 
| 132|0x0000000088400000, 0x0000000088400000, 0x0000000088500000|  0%| F|  |TAMS 0x0000000088400000, 0x0000000088400000| Untracked 
| 133|0x0000000088500000, 0x0000000088500000, 0x0000000088600000|  0%| F|  |TAMS 0x0000000088500000, 0x0000000088500000| Untracked 
| 134|0x0000000088600000, 0x0000000088600000, 0x0000000088700000|  0%| F|  |TAMS 0x0000000088600000, 0x0000000088600000| Untracked 
| 135|0x0000000088700000, 0x0000000088700000, 0x0000000088800000|  0%| F|  |TAMS 0x0000000088700000, 0x0000000088700000| Untracked 
| 136|0x0000000088800000, 0x0000000088800000, 0x0000000088900000|  0%| F|  |TAMS 0x0000000088800000, 0x0000000088800000| Untracked 
| 137|0x0000000088900000, 0x0000000088900000, 0x0000000088a00000|  0%| F|  |TAMS 0x0000000088900000, 0x0000000088900000| Untracked 
| 138|0x0000000088a00000, 0x0000000088a00000, 0x0000000088b00000|  0%| F|  |TAMS 0x0000000088a00000, 0x0000000088a00000| Untracked 
| 139|0x0000000088b00000, 0x0000000088b00000, 0x0000000088c00000|  0%| F|  |TAMS 0x0000000088b00000, 0x0000000088b00000| Untracked 
| 140|0x0000000088c00000, 0x0000000088c00000, 0x0000000088d00000|  0%| F|  |TAMS 0x0000000088c00000, 0x0000000088c00000| Untracked 
| 141|0x0000000088d00000, 0x0000000088d00000, 0x0000000088e00000|  0%| F|  |TAMS 0x0000000088d00000, 0x0000000088d00000| Untracked 
| 142|0x0000000088e00000, 0x0000000088e00000, 0x0000000088f00000|  0%| F|  |TAMS 0x0000000088e00000, 0x0000000088e00000| Untracked 
| 143|0x0000000088f00000, 0x0000000088f00000, 0x0000000089000000|  0%| F|  |TAMS 0x0000000088f00000, 0x0000000088f00000| Untracked 
| 144|0x0000000089000000, 0x0000000089000000, 0x0000000089100000|  0%| F|  |TAMS 0x0000000089000000, 0x0000000089000000| Untracked 
| 145|0x0000000089100000, 0x0000000089100000, 0x0000000089200000|  0%| F|  |TAMS 0x0000000089100000, 0x0000000089100000| Untracked 
| 146|0x0000000089200000, 0x0000000089200000, 0x0000000089300000|  0%| F|  |TAMS 0x0000000089200000, 0x0000000089200000| Untracked 
| 147|0x0000000089300000, 0x00000000893034a0, 0x0000000089400000|  1%| E|  |TAMS 0x0000000089300000, 0x0000000089300000| Complete 
| 148|0x0000000089400000, 0x0000000089500000, 0x0000000089500000|100%| E|CS|TAMS 0x0000000089400000, 0x0000000089400000| Complete 
| 149|0x0000000089500000, 0x0000000089600000, 0x0000000089600000|100%| E|CS|TAMS 0x0000000089500000, 0x0000000089500000| Complete 
| 150|0x0000000089600000, 0x0000000089700000, 0x0000000089700000|100%| E|CS|TAMS 0x0000000089600000, 0x0000000089600000| Complete 
| 151|0x0000000089700000, 0x0000000089800000, 0x0000000089800000|100%| E|CS|TAMS 0x0000000089700000, 0x0000000089700000| Complete 
| 152|0x0000000089800000, 0x0000000089900000, 0x0000000089900000|100%| E|CS|TAMS 0x0000000089800000, 0x0000000089800000| Complete 
| 153|0x0000000089900000, 0x0000000089a00000, 0x0000000089a00000|100%| E|CS|TAMS 0x0000000089900000, 0x0000000089900000| Complete 
| 154|0x0000000089a00000, 0x0000000089b00000, 0x0000000089b00000|100%| E|CS|TAMS 0x0000000089a00000, 0x0000000089a00000| Complete 
| 155|0x0000000089b00000, 0x0000000089c00000, 0x0000000089c00000|100%| E|CS|TAMS 0x0000000089b00000, 0x0000000089b00000| Complete 
| 156|0x0000000089c00000, 0x0000000089d00000, 0x0000000089d00000|100%| E|CS|TAMS 0x0000000089c00000, 0x0000000089c00000| Complete 
| 157|0x0000000089d00000, 0x0000000089e00000, 0x0000000089e00000|100%| E|CS|TAMS 0x0000000089d00000, 0x0000000089d00000| Complete 
| 158|0x0000000089e00000, 0x0000000089f00000, 0x0000000089f00000|100%| E|CS|TAMS 0x0000000089e00000, 0x0000000089e00000| Complete 
| 159|0x0000000089f00000, 0x000000008a000000, 0x000000008a000000|100%| E|CS|TAMS 0x0000000089f00000, 0x0000000089f00000| Complete 
| 160|0x000000008a000000, 0x000000008a100000, 0x000000008a100000|100%| E|CS|TAMS 0x000000008a000000, 0x000000008a000000| Complete 
| 161|0x000000008a100000, 0x000000008a200000, 0x000000008a200000|100%| E|CS|TAMS 0x000000008a100000, 0x000000008a100000| Complete 
| 162|0x000000008a200000, 0x000000008a300000, 0x000000008a300000|100%| E|CS|TAMS 0x000000008a200000, 0x000000008a200000| Complete 
| 163|0x000000008a300000, 0x000000008a400000, 0x000000008a400000|100%| E|CS|TAMS 0x000000008a300000, 0x000000008a300000| Complete 
| 164|0x000000008a400000, 0x000000008a500000, 0x000000008a500000|100%| E|CS|TAMS 0x000000008a400000, 0x000000008a400000| Complete 
| 165|0x000000008a500000, 0x000000008a600000, 0x000000008a600000|100%| S|CS|TAMS 0x000000008a500000, 0x000000008a500000| Complete 
| 166|0x000000008a600000, 0x000000008a700000, 0x000000008a700000|100%| S|CS|TAMS 0x000000008a600000, 0x000000008a600000| Complete 
| 167|0x000000008a700000, 0x000000008a800000, 0x000000008a800000|100%| S|CS|TAMS 0x000000008a700000, 0x000000008a700000| Complete 
| 168|0x000000008a800000, 0x000000008a900000, 0x000000008a900000|100%| S|CS|TAMS 0x000000008a800000, 0x000000008a800000| Complete 
| 169|0x000000008a900000, 0x000000008aa00000, 0x000000008aa00000|100%| S|CS|TAMS 0x000000008a900000, 0x000000008a900000| Complete 
| 170|0x000000008aa00000, 0x000000008ab00000, 0x000000008ab00000|100%| E|CS|TAMS 0x000000008aa00000, 0x000000008aa00000| Complete 
| 171|0x000000008ab00000, 0x000000008ac00000, 0x000000008ac00000|100%| E|CS|TAMS 0x000000008ab00000, 0x000000008ab00000| Complete 
| 172|0x000000008ac00000, 0x000000008ad00000, 0x000000008ad00000|100%| E|CS|TAMS 0x000000008ac00000, 0x000000008ac00000| Complete 
| 173|0x000000008ad00000, 0x000000008ae00000, 0x000000008ae00000|100%| E|  |TAMS 0x000000008ad00000, 0x000000008ad00000| Complete 
| 174|0x000000008ae00000, 0x000000008af00000, 0x000000008af00000|100%| E|CS|TAMS 0x000000008ae00000, 0x000000008ae00000| Complete 
| 175|0x000000008af00000, 0x000000008b000000, 0x000000008b000000|100%| E|CS|TAMS 0x000000008af00000, 0x000000008af00000| Complete 
| 176|0x000000008b000000, 0x000000008b100000, 0x000000008b100000|100%| E|CS|TAMS 0x000000008b000000, 0x000000008b000000| Complete 
| 177|0x000000008b100000, 0x000000008b200000, 0x000000008b200000|100%| E|CS|TAMS 0x000000008b100000, 0x000000008b100000| Complete 
| 178|0x000000008b200000, 0x000000008b300000, 0x000000008b300000|100%| E|CS|TAMS 0x000000008b200000, 0x000000008b200000| Complete 
| 179|0x000000008b300000, 0x000000008b400000, 0x000000008b400000|100%| E|CS|TAMS 0x000000008b300000, 0x000000008b300000| Complete 
| 180|0x000000008b400000, 0x000000008b500000, 0x000000008b500000|100%| E|CS|TAMS 0x000000008b400000, 0x000000008b400000| Complete 
| 181|0x000000008b500000, 0x000000008b600000, 0x000000008b600000|100%| E|CS|TAMS 0x000000008b500000, 0x000000008b500000| Complete 
| 182|0x000000008b600000, 0x000000008b700000, 0x000000008b700000|100%| E|CS|TAMS 0x000000008b600000, 0x000000008b600000| Complete 
| 183|0x000000008b700000, 0x000000008b800000, 0x000000008b800000|100%| E|CS|TAMS 0x000000008b700000, 0x000000008b700000| Complete 
| 184|0x000000008b800000, 0x000000008b900000, 0x000000008b900000|100%| E|CS|TAMS 0x000000008b800000, 0x000000008b800000| Complete 
| 185|0x000000008b900000, 0x000000008ba00000, 0x000000008ba00000|100%| E|CS|TAMS 0x000000008b900000, 0x000000008b900000| Complete 
| 186|0x000000008ba00000, 0x000000008bb00000, 0x000000008bb00000|100%| E|CS|TAMS 0x000000008ba00000, 0x000000008ba00000| Complete 
| 187|0x000000008bb00000, 0x000000008bc00000, 0x000000008bc00000|100%| E|CS|TAMS 0x000000008bb00000, 0x000000008bb00000| Complete 
| 188|0x000000008bc00000, 0x000000008bd00000, 0x000000008bd00000|100%| E|CS|TAMS 0x000000008bc00000, 0x000000008bc00000| Complete 
| 189|0x000000008bd00000, 0x000000008be00000, 0x000000008be00000|100%| E|CS|TAMS 0x000000008bd00000, 0x000000008bd00000| Complete 
| 190|0x000000008be00000, 0x000000008bf00000, 0x000000008bf00000|100%| E|CS|TAMS 0x000000008be00000, 0x000000008be00000| Complete 
| 191|0x000000008bf00000, 0x000000008c000000, 0x000000008c000000|100%| E|CS|TAMS 0x000000008bf00000, 0x000000008bf00000| Complete 
| 192|0x000000008c000000, 0x000000008c100000, 0x000000008c100000|100%| E|CS|TAMS 0x000000008c000000, 0x000000008c000000| Complete 
| 193|0x000000008c100000, 0x000000008c200000, 0x000000008c200000|100%| E|CS|TAMS 0x000000008c100000, 0x000000008c100000| Complete 
| 194|0x000000008c200000, 0x000000008c300000, 0x000000008c300000|100%| E|CS|TAMS 0x000000008c200000, 0x000000008c200000| Complete 
| 195|0x000000008c300000, 0x000000008c400000, 0x000000008c400000|100%| E|CS|TAMS 0x000000008c300000, 0x000000008c300000| Complete 
| 196|0x000000008c400000, 0x000000008c500000, 0x000000008c500000|100%| E|CS|TAMS 0x000000008c400000, 0x000000008c400000| Complete 
| 197|0x000000008c500000, 0x000000008c600000, 0x000000008c600000|100%| E|CS|TAMS 0x000000008c500000, 0x000000008c500000| Complete 
| 198|0x000000008c600000, 0x000000008c700000, 0x000000008c700000|100%| E|CS|TAMS 0x000000008c600000, 0x000000008c600000| Complete 
| 199|0x000000008c700000, 0x000000008c800000, 0x000000008c800000|100%| E|CS|TAMS 0x000000008c700000, 0x000000008c700000| Complete 
| 200|0x000000008c800000, 0x000000008c900000, 0x000000008c900000|100%| E|CS|TAMS 0x000000008c800000, 0x000000008c800000| Complete 
| 201|0x000000008c900000, 0x000000008ca00000, 0x000000008ca00000|100%| E|CS|TAMS 0x000000008c900000, 0x000000008c900000| Complete 
| 202|0x000000008ca00000, 0x000000008cb00000, 0x000000008cb00000|100%| E|CS|TAMS 0x000000008ca00000, 0x000000008ca00000| Complete 
| 203|0x000000008cb00000, 0x000000008cc00000, 0x000000008cc00000|100%| E|CS|TAMS 0x000000008cb00000, 0x000000008cb00000| Complete 
| 204|0x000000008cc00000, 0x000000008cd00000, 0x000000008cd00000|100%| E|CS|TAMS 0x000000008cc00000, 0x000000008cc00000| Complete 
| 205|0x000000008cd00000, 0x000000008ce00000, 0x000000008ce00000|100%| E|CS|TAMS 0x000000008cd00000, 0x000000008cd00000| Complete 
| 206|0x000000008ce00000, 0x000000008cf00000, 0x000000008cf00000|100%| E|CS|TAMS 0x000000008ce00000, 0x000000008ce00000| Complete 
| 207|0x000000008cf00000, 0x000000008d000000, 0x000000008d000000|100%| E|CS|TAMS 0x000000008cf00000, 0x000000008cf00000| Complete 
| 208|0x000000008d000000, 0x000000008d100000, 0x000000008d100000|100%| E|CS|TAMS 0x000000008d000000, 0x000000008d000000| Complete 
| 209|0x000000008d100000, 0x000000008d200000, 0x000000008d200000|100%| E|CS|TAMS 0x000000008d100000, 0x000000008d100000| Complete 
| 210|0x000000008d200000, 0x000000008d300000, 0x000000008d300000|100%| E|CS|TAMS 0x000000008d200000, 0x000000008d200000| Complete 
| 211|0x000000008d300000, 0x000000008d400000, 0x000000008d400000|100%| E|CS|TAMS 0x000000008d300000, 0x000000008d300000| Complete 
| 212|0x000000008d400000, 0x000000008d500000, 0x000000008d500000|100%| E|CS|TAMS 0x000000008d400000, 0x000000008d400000| Complete 
| 213|0x000000008d500000, 0x000000008d600000, 0x000000008d600000|100%| E|CS|TAMS 0x000000008d500000, 0x000000008d500000| Complete 
| 214|0x000000008d600000, 0x000000008d700000, 0x000000008d700000|100%| E|CS|TAMS 0x000000008d600000, 0x000000008d600000| Complete 
| 215|0x000000008d700000, 0x000000008d800000, 0x000000008d800000|100%| E|CS|TAMS 0x000000008d700000, 0x000000008d700000| Complete 
| 216|0x000000008d800000, 0x000000008d900000, 0x000000008d900000|100%| E|CS|TAMS 0x000000008d800000, 0x000000008d800000| Complete 
| 217|0x000000008d900000, 0x000000008da00000, 0x000000008da00000|100%| E|CS|TAMS 0x000000008d900000, 0x000000008d900000| Complete 
| 218|0x000000008da00000, 0x000000008db00000, 0x000000008db00000|100%| E|CS|TAMS 0x000000008da00000, 0x000000008da00000| Complete 
| 219|0x000000008db00000, 0x000000008dc00000, 0x000000008dc00000|100%| E|CS|TAMS 0x000000008db00000, 0x000000008db00000| Complete 
| 220|0x000000008dc00000, 0x000000008dd00000, 0x000000008dd00000|100%| E|CS|TAMS 0x000000008dc00000, 0x000000008dc00000| Complete 
| 221|0x000000008dd00000, 0x000000008de00000, 0x000000008de00000|100%| E|CS|TAMS 0x000000008dd00000, 0x000000008dd00000| Complete 
| 222|0x000000008de00000, 0x000000008df00000, 0x000000008df00000|100%| E|CS|TAMS 0x000000008de00000, 0x000000008de00000| Complete 
| 223|0x000000008df00000, 0x000000008e000000, 0x000000008e000000|100%| E|CS|TAMS 0x000000008df00000, 0x000000008df00000| Complete 
| 224|0x000000008e000000, 0x000000008e100000, 0x000000008e100000|100%| E|CS|TAMS 0x000000008e000000, 0x000000008e000000| Complete 
| 225|0x000000008e100000, 0x000000008e200000, 0x000000008e200000|100%| E|CS|TAMS 0x000000008e100000, 0x000000008e100000| Complete 
| 226|0x000000008e200000, 0x000000008e300000, 0x000000008e300000|100%| E|CS|TAMS 0x000000008e200000, 0x000000008e200000| Complete 
| 227|0x000000008e300000, 0x000000008e400000, 0x000000008e400000|100%| E|CS|TAMS 0x000000008e300000, 0x000000008e300000| Complete 
| 228|0x000000008e400000, 0x000000008e500000, 0x000000008e500000|100%| E|CS|TAMS 0x000000008e400000, 0x000000008e400000| Complete 
| 229|0x000000008e500000, 0x000000008e600000, 0x000000008e600000|100%| E|CS|TAMS 0x000000008e500000, 0x000000008e500000| Complete 
| 230|0x000000008e600000, 0x000000008e700000, 0x000000008e700000|100%| E|CS|TAMS 0x000000008e600000, 0x000000008e600000| Complete 
| 231|0x000000008e700000, 0x000000008e800000, 0x000000008e800000|100%| E|CS|TAMS 0x000000008e700000, 0x000000008e700000| Complete 
| 232|0x000000008e800000, 0x000000008e900000, 0x000000008e900000|100%| E|CS|TAMS 0x000000008e800000, 0x000000008e800000| Complete 
| 233|0x000000008e900000, 0x000000008ea00000, 0x000000008ea00000|100%| E|CS|TAMS 0x000000008e900000, 0x000000008e900000| Complete 
| 234|0x000000008ea00000, 0x000000008eb00000, 0x000000008eb00000|100%| E|CS|TAMS 0x000000008ea00000, 0x000000008ea00000| Complete 
| 235|0x000000008eb00000, 0x000000008ec00000, 0x000000008ec00000|100%| E|CS|TAMS 0x000000008eb00000, 0x000000008eb00000| Complete 
| 236|0x000000008ec00000, 0x000000008ed00000, 0x000000008ed00000|100%| E|CS|TAMS 0x000000008ec00000, 0x000000008ec00000| Complete 
| 237|0x000000008ed00000, 0x000000008ee00000, 0x000000008ee00000|100%| E|CS|TAMS 0x000000008ed00000, 0x000000008ed00000| Complete 

Card table byte_map: [0x00000265c9f80000,0x00000265ca380000] _byte_map_base: 0x00000265c9b80000

Marking Bits (Prev, Next): (CMBitMap*) 0x00000265b7709a30, (CMBitMap*) 0x00000265b7709a70
 Prev Bits: [0x00000265ca780000, 0x00000265cc780000)
 Next Bits: [0x00000265cc780000, 0x00000265ce780000)

Polling page: 0x00000265b55e0000

Metaspace:

Usage:
  Non-class:     83.99 MB used.
      Class:     12.69 MB used.
       Both:     96.68 MB used.

Virtual space:
  Non-class space:       88.00 MB reserved,      84.38 MB ( 96%) committed,  11 nodes.
      Class space:        1.00 GB reserved,      13.00 MB (  1%) committed,  1 nodes.
             Both:        1.09 GB reserved,      97.38 MB (  9%) committed. 

Chunk freelists:
   Non-Class:  3.68 MB
       Class:  3.02 MB
        Both:  6.71 MB

MaxMetaspaceSize: unlimited
CompressedClassSpaceSize: 1.00 GB
Initial GC threshold: 21.00 MB
Current GC threshold: 145.56 MB
CDS: off
MetaspaceReclaimPolicy: balanced
 - commit_granule_bytes: 65536.
 - commit_granule_words: 8192.
 - virtual_space_node_default_size: 1048576.
 - enlarge_chunks_in_place: 1.
 - new_chunks_are_fully_committed: 0.
 - uncommit_free_chunks: 1.
 - use_allocation_guard: 0.
 - handle_deallocations: 1.


Internal statistics:

num_allocs_failed_limit: 6.
num_arena_births: 900.
num_arena_deaths: 14.
num_vsnodes_births: 12.
num_vsnodes_deaths: 0.
num_space_committed: 1557.
num_space_uncommitted: 0.
num_chunks_returned_to_freelist: 30.
num_chunks_taken_from_freelist: 4348.
num_chunk_merges: 7.
num_chunk_splits: 2878.
num_chunks_enlarged: 1954.
num_purges: 6.
num_inconsistent_stats: 0.

CodeHeap 'non-profiled nmethods': size=120064Kb used=8333Kb max_used=8333Kb free=111730Kb
 bounds [0x00000265c2640000, 0x00000265c2e70000, 0x00000265c9b80000]
CodeHeap 'profiled nmethods': size=120000Kb used=21450Kb max_used=21450Kb free=98549Kb
 bounds [0x00000265bab80000, 0x00000265bc080000, 0x00000265c20b0000]
CodeHeap 'non-nmethods': size=5696Kb used=2429Kb max_used=2479Kb free=3267Kb
 bounds [0x00000265c20b0000, 0x00000265c2330000, 0x00000265c2640000]
 total_blobs=12047 nmethods=11076 adapters=883
 compilation: enabled
              stopped_count=0, restarted_count=0
 full_count=0

Compilation events (20 events):
Event: 405.971 Thread 0x00000265d094b960 13332       3       org.codehaus.groovy.runtime.GroovyCategorySupport::hasCategoryInCurrentThread (32 bytes)
Event: 405.973 Thread 0x00000265d094b960 nmethod 13332 0x00000265bba14290 code [0x00000265bba14480, 0x00000265bba14af8]
Event: 405.975 Thread 0x00000265d094b960 13333       3       com.google.common.collect.ImmutableList::contains (14 bytes)
Event: 405.976 Thread 0x00000265d094b960 nmethod 13333 0x00000265bb5cc810 code [0x00000265bb5cc9c0, 0x00000265bb5ccc88]
Event: 405.976 Thread 0x00000265d094b960 13334       3       com.google.common.collect.Lists::indexOfRandomAccess (70 bytes)
Event: 405.977 Thread 0x00000265d094b960 nmethod 13334 0x00000265bba18710 code [0x00000265bba18920, 0x00000265bba18fb8]
Event: 405.978 Thread 0x00000265d094b960 13335       1       org.gradle.invocation.DefaultGradle::getServices (5 bytes)
Event: 405.979 Thread 0x00000265d094b960 nmethod 13335 0x00000265c2e5e410 code [0x00000265c2e5e5a0, 0x00000265c2e5e678]
Event: 405.979 Thread 0x00000265d094b960 13336       3       org.codehaus.groovy.reflection.ParameterTypes::coerceArgumentsToClasses (55 bytes)
Event: 405.981 Thread 0x00000265d094b960 nmethod 13336 0x00000265bb950a90 code [0x00000265bb950c60, 0x00000265bb951198]
Event: 405.981 Thread 0x00000265d094b960 13337   !   3       groovy.lang.MetaMethod::doMethodInvoke (22 bytes)
Event: 405.982 Thread 0x00000265d094b960 nmethod 13337 0x00000265bb950490 code [0x00000265bb950640, 0x00000265bb9508c8]
Event: 406.007 Thread 0x00000265d094b960 13338       1       java.beans.GenericBeanInfo::getMethodDescriptors (5 bytes)
Event: 406.007 Thread 0x00000265d094b960 nmethod 13338 0x00000265c2e5e710 code [0x00000265c2e5e8a0, 0x00000265c2e5e978]
Event: 406.008 Thread 0x00000265d094b960 13339       1       java.beans.GenericBeanInfo::getDefaultEventIndex (5 bytes)
Event: 406.008 Thread 0x00000265d094b960 nmethod 13339 0x00000265c2e5ea10 code [0x00000265c2e5eba0, 0x00000265c2e5ec78]
Event: 406.008 Thread 0x00000265d094b960 13340       1       java.beans.GenericBeanInfo::getDefaultPropertyIndex (5 bytes)
Event: 406.009 Thread 0x00000265d094b960 nmethod 13340 0x00000265c2e5ed10 code [0x00000265c2e5eea0, 0x00000265c2e5ef78]
Event: 406.015 Thread 0x00000265d094b960 13341       3       java.lang.invoke.DelegatingMethodHandle$Holder::reinvoke_L (18 bytes)
Event: 406.016 Thread 0x00000265d094b960 nmethod 13341 0x00000265bba1a790 code [0x00000265bba1a960, 0x00000265bba1ae38]

GC Heap History (20 events):
Event: 364.983 GC heap before
{Heap before GC invocations=129 (full 0):
 garbage-first heap   total 243712K, used 214449K [0x0000000080000000, 0x0000000100000000)
  region size 1024K, 120 young (122880K), 4 survivors (4096K)
 Metaspace       used 71376K, committed 72000K, reserved 1114112K
  class space    used 9207K, committed 9472K, reserved 1048576K
}
Event: 364.999 GC heap after
{Heap after GC invocations=130 (full 0):
 garbage-first heap   total 243712K, used 96675K [0x0000000080000000, 0x0000000100000000)
  region size 1024K, 5 young (5120K), 5 survivors (5120K)
 Metaspace       used 71376K, committed 72000K, reserved 1114112K
  class space    used 9207K, committed 9472K, reserved 1048576K
}
Event: 366.007 GC heap before
{Heap before GC invocations=130 (full 0):
 garbage-first heap   total 243712K, used 213411K [0x0000000080000000, 0x0000000100000000)
  region size 1024K, 119 young (121856K), 5 survivors (5120K)
 Metaspace       used 71378K, committed 72000K, reserved 1114112K
  class space    used 9207K, committed 9472K, reserved 1048576K
}
Event: 366.014 GC heap after
{Heap after GC invocations=131 (full 0):
 garbage-first heap   total 243712K, used 92341K [0x0000000080000000, 0x0000000100000000)
  region size 1024K, 2 young (2048K), 2 survivors (2048K)
 Metaspace       used 71378K, committed 72000K, reserved 1114112K
  class space    used 9207K, committed 9472K, reserved 1048576K
}
Event: 366.941 GC heap before
{Heap before GC invocations=131 (full 0):
 garbage-first heap   total 243712K, used 215221K [0x0000000080000000, 0x0000000100000000)
  region size 1024K, 122 young (124928K), 2 survivors (2048K)
 Metaspace       used 71379K, committed 72000K, reserved 1114112K
  class space    used 9207K, committed 9472K, reserved 1048576K
}
Event: 366.948 GC heap after
{Heap after GC invocations=132 (full 0):
 garbage-first heap   total 243712K, used 92288K [0x0000000080000000, 0x0000000100000000)
  region size 1024K, 2 young (2048K), 2 survivors (2048K)
 Metaspace       used 71379K, committed 72000K, reserved 1114112K
  class space    used 9207K, committed 9472K, reserved 1048576K
}
Event: 368.036 GC heap before
{Heap before GC invocations=132 (full 0):
 garbage-first heap   total 243712K, used 217216K [0x0000000080000000, 0x0000000100000000)
  region size 1024K, 122 young (124928K), 2 survivors (2048K)
 Metaspace       used 71383K, committed 72000K, reserved 1114112K
  class space    used 9207K, committed 9472K, reserved 1048576K
}
Event: 368.044 GC heap after
{Heap after GC invocations=133 (full 0):
 garbage-first heap   total 243712K, used 91434K [0x0000000080000000, 0x0000000100000000)
  region size 1024K, 1 young (1024K), 1 survivors (1024K)
 Metaspace       used 71383K, committed 72000K, reserved 1114112K
  class space    used 9207K, committed 9472K, reserved 1048576K
}
Event: 371.689 GC heap before
{Heap before GC invocations=133 (full 0):
 garbage-first heap   total 243712K, used 216362K [0x0000000080000000, 0x0000000100000000)
  region size 1024K, 122 young (124928K), 1 survivors (1024K)
 Metaspace       used 71453K, committed 72064K, reserved 1114112K
  class space    used 9208K, committed 9472K, reserved 1048576K
}
Event: 371.695 GC heap after
{Heap after GC invocations=134 (full 0):
 garbage-first heap   total 243712K, used 92419K [0x0000000080000000, 0x0000000100000000)
  region size 1024K, 1 young (1024K), 1 survivors (1024K)
 Metaspace       used 71453K, committed 72064K, reserved 1114112K
  class space    used 9208K, committed 9472K, reserved 1048576K
}
Event: 373.183 GC heap before
{Heap before GC invocations=134 (full 0):
 garbage-first heap   total 243712K, used 216323K [0x0000000080000000, 0x0000000100000000)
  region size 1024K, 121 young (123904K), 1 survivors (1024K)
 Metaspace       used 71455K, committed 72064K, reserved 1114112K
  class space    used 9208K, committed 9472K, reserved 1048576K
}
Event: 373.190 GC heap after
{Heap after GC invocations=135 (full 0):
 garbage-first heap   total 243712K, used 92520K [0x0000000080000000, 0x0000000100000000)
  region size 1024K, 1 young (1024K), 1 survivors (1024K)
 Metaspace       used 71455K, committed 72064K, reserved 1114112K
  class space    used 9208K, committed 9472K, reserved 1048576K
}
Event: 374.886 GC heap before
{Heap before GC invocations=135 (full 0):
 garbage-first heap   total 243712K, used 215400K [0x0000000080000000, 0x0000000100000000)
  region size 1024K, 121 young (123904K), 1 survivors (1024K)
 Metaspace       used 71457K, committed 72064K, reserved 1114112K
  class space    used 9208K, committed 9472K, reserved 1048576K
}
Event: 374.892 GC heap after
{Heap after GC invocations=136 (full 0):
 garbage-first heap   total 243712K, used 91696K [0x0000000080000000, 0x0000000100000000)
  region size 1024K, 1 young (1024K), 1 survivors (1024K)
 Metaspace       used 71457K, committed 72064K, reserved 1114112K
  class space    used 9208K, committed 9472K, reserved 1048576K
}
Event: 377.184 GC heap before
{Heap before GC invocations=136 (full 0):
 garbage-first heap   total 243712K, used 219696K [0x0000000080000000, 0x0000000100000000)
  region size 1024K, 122 young (124928K), 1 survivors (1024K)
 Metaspace       used 71516K, committed 72128K, reserved 1114112K
  class space    used 9217K, committed 9472K, reserved 1048576K
}
Event: 377.198 GC heap after
{Heap after GC invocations=137 (full 0):
 garbage-first heap   total 243712K, used 99372K [0x0000000080000000, 0x0000000100000000)
  region size 1024K, 6 young (6144K), 6 survivors (6144K)
 Metaspace       used 71516K, committed 72128K, reserved 1114112K
  class space    used 9217K, committed 9472K, reserved 1048576K
}
Event: 387.748 GC heap before
{Heap before GC invocations=137 (full 0):
 garbage-first heap   total 243712K, used 217132K [0x0000000080000000, 0x0000000100000000)
  region size 1024K, 115 young (117760K), 6 survivors (6144K)
 Metaspace       used 84710K, committed 85376K, reserved 1130496K
  class space    used 10925K, committed 11200K, reserved 1048576K
}
Event: 387.804 GC heap after
{Heap after GC invocations=138 (full 0):
 garbage-first heap   total 243712K, used 106545K [0x0000000080000000, 0x0000000100000000)
  region size 1024K, 13 young (13312K), 13 survivors (13312K)
 Metaspace       used 84710K, committed 85376K, reserved 1130496K
  class space    used 10925K, committed 11200K, reserved 1048576K
}
Event: 392.856 GC heap before
{Heap before GC invocations=138 (full 0):
 garbage-first heap   total 243712K, used 175153K [0x0000000080000000, 0x0000000100000000)
  region size 1024K, 81 young (82944K), 13 survivors (13312K)
 Metaspace       used 88570K, committed 89216K, reserved 1130496K
  class space    used 11449K, committed 11776K, reserved 1048576K
}
Event: 392.932 GC heap after
{Heap after GC invocations=139 (full 0):
 garbage-first heap   total 243712K, used 111638K [0x0000000080000000, 0x0000000100000000)
  region size 1024K, 5 young (5120K), 5 survivors (5120K)
 Metaspace       used 88570K, committed 89216K, reserved 1130496K
  class space    used 11449K, committed 11776K, reserved 1048576K
}

Dll operation events (2 events):
Event: 0.030 Loaded shared library C:\Program Files\Android\Android Studio\jbr\bin\java.dll
Event: 2.935 Loaded shared library C:\Program Files\Android\Android Studio\jbr\bin\verify.dll

Deoptimization events (20 events):
Event: 404.189 Thread 0x00000265d3bbd650 DEOPT PACKING pc=0x00000265c27c0a98 sp=0x000000a6ecbfdc70
Event: 404.189 Thread 0x00000265d3bbd650 DEOPT UNPACKING pc=0x00000265c210699d sp=0x000000a6ecbfdc08 mode 2
Event: 404.461 Thread 0x00000265d3bb62d0 Uncommon trap: trap_request=0xffffffde fr.pc=0x00000265c29d2de8 relative=0x0000000000000248
Event: 404.461 Thread 0x00000265d3bb62d0 Uncommon trap: reason=class_check action=maybe_recompile pc=0x00000265c29d2de8 method=java.util.stream.StreamOpFlag.fromCharacteristics(Ljava/util/Spliterator;)I @ 14 c2
Event: 404.461 Thread 0x00000265d3bb62d0 DEOPT PACKING pc=0x00000265c29d2de8 sp=0x000000a6ecdfe360
Event: 404.461 Thread 0x00000265d3bb62d0 DEOPT UNPACKING pc=0x00000265c210699d sp=0x000000a6ecdfe248 mode 2
Event: 404.475 Thread 0x00000265d3bb62d0 Uncommon trap: trap_request=0xffffff45 fr.pc=0x00000265c2bb8418 relative=0x00000000000003b8
Event: 404.475 Thread 0x00000265d3bb62d0 Uncommon trap: reason=unstable_if action=reinterpret pc=0x00000265c2bb8418 method=org.gradle.internal.operations.logging.LoggingBuildOperationProgressBroadcaster.onOutput(Lorg/gradle/internal/logging/events/OutputEvent;)V @ 73 c2
Event: 404.475 Thread 0x00000265d3bb62d0 DEOPT PACKING pc=0x00000265c2bb8418 sp=0x000000a6ecdfe650
Event: 404.476 Thread 0x00000265d3bb62d0 DEOPT UNPACKING pc=0x00000265c210699d sp=0x000000a6ecdfe5a0 mode 2
Event: 404.476 Thread 0x00000265d3bb62d0 Uncommon trap: trap_request=0xffffffde fr.pc=0x00000265c2853d48 relative=0x0000000000001b28
Event: 404.476 Thread 0x00000265d3bb62d0 Uncommon trap: reason=class_check action=maybe_recompile pc=0x00000265c2853d48 method=org.gradle.tooling.internal.provider.runner.ClientBuildEventGenerator$EnabledOperation.progress(Lorg/gradle/internal/operations/OperationProgressEvent;)V @ 9 c2
Event: 404.476 Thread 0x00000265d3bb62d0 DEOPT PACKING pc=0x00000265c2853d48 sp=0x000000a6ecdfe320
Event: 404.476 Thread 0x00000265d3bb62d0 DEOPT UNPACKING pc=0x00000265c210699d sp=0x000000a6ecdfe230 mode 2
Event: 404.636 Thread 0x00000265d3bb62d0 DEOPT PACKING pc=0x00000265bbc489fc sp=0x000000a6ecdfe570
Event: 404.636 Thread 0x00000265d3bb62d0 DEOPT UNPACKING pc=0x00000265c2107124 sp=0x000000a6ecdfda20 mode 0
Event: 404.771 Thread 0x00000265d3bb62d0 Uncommon trap: trap_request=0xffffffde fr.pc=0x00000265c27c0a98 relative=0x0000000000000078
Event: 404.771 Thread 0x00000265d3bb62d0 Uncommon trap: reason=class_check action=maybe_recompile pc=0x00000265c27c0a98 method=java.util.Collections$SetFromMap.remove(Ljava/lang/Object;)Z @ 5 c2
Event: 404.772 Thread 0x00000265d3bb62d0 DEOPT PACKING pc=0x00000265c27c0a98 sp=0x000000a6ecdfea70
Event: 404.772 Thread 0x00000265d3bb62d0 DEOPT UNPACKING pc=0x00000265c210699d sp=0x000000a6ecdfea08 mode 2

Classes unloaded (20 events):
Event: 88.198 Thread 0x00000265b777e0c0 Unloading class 0x000000010069c000 '_BuildScript_'
Event: 184.190 Thread 0x00000265b777e0c0 Unloading class 0x0000000100724968 '_BuildScript_$_run_closure1$_closure2'
Event: 184.190 Thread 0x00000265b777e0c0 Unloading class 0x0000000100724558 '_BuildScript_$_run_closure1'
Event: 184.190 Thread 0x00000265b777e0c0 Unloading class 0x0000000100724000 '_BuildScript_'
Event: 184.190 Thread 0x00000265b777e0c0 Unloading class 0x0000000100718558 '_BuildScript_$_run_closure1'
Event: 184.190 Thread 0x00000265b777e0c0 Unloading class 0x0000000100718000 '_BuildScript_'
Event: 393.313 Thread 0x00000265b777e0c0 Unloading class 0x00000001007ed000 '_BuildScript_$_run_closure1'
Event: 393.313 Thread 0x00000265b777e0c0 Unloading class 0x00000001007ec800 '_BuildScript_'
Event: 393.313 Thread 0x00000265b777e0c0 Unloading class 0x0000000100775410 '_BuildScript_$_run_closure1$_closure2'
Event: 393.313 Thread 0x00000265b777e0c0 Unloading class 0x0000000100775000 '_BuildScript_$_run_closure1'
Event: 393.313 Thread 0x00000265b777e0c0 Unloading class 0x0000000100774800 '_BuildScript_'
Event: 393.313 Thread 0x00000265b777e0c0 Unloading class 0x0000000100762968 '_BuildScript_$_run_closure1$_closure2'
Event: 393.313 Thread 0x00000265b777e0c0 Unloading class 0x0000000100762558 '_BuildScript_$_run_closure1'
Event: 393.313 Thread 0x00000265b777e0c0 Unloading class 0x0000000100762000 '_BuildScript_'
Event: 393.313 Thread 0x00000265b777e0c0 Unloading class 0x00000001007182f0 '_BuildScript_'
Event: 393.313 Thread 0x00000265b777e0c0 Unloading class 0x0000000100718000 'RegistryProcessor'
Event: 393.313 Thread 0x00000265b777e0c0 Unloading class 0x0000000100724ae0 'JetGradlePlugin$_apply_closure1$_closure2$_closure3'
Event: 393.313 Thread 0x00000265b777e0c0 Unloading class 0x00000001007246d0 'JetGradlePlugin$_apply_closure1$_closure2'
Event: 393.313 Thread 0x00000265b777e0c0 Unloading class 0x00000001007242c0 'JetGradlePlugin$_apply_closure1'
Event: 393.314 Thread 0x00000265b777e0c0 Unloading class 0x0000000100724000 'JetGradlePlugin'

Classes redefined (0 events):
No events

Internal exceptions (20 events):
Event: 403.800 Thread 0x00000265d2013ab0 Exception <a 'java/lang/ClassNotFoundException'{0x0000000089f80510}: com/google/common/collect/SingletonImmutableListCustomizer> (0x0000000089f80510) 
thrown [s\src\hotspot\share\classfile\systemDictionary.cpp, line 256]
Event: 403.816 Thread 0x00000265d2013ab0 Exception <a 'java/lang/ClassNotFoundException'{0x0000000089fe0c98}: org/gradle/api/DefaultTask_DecoratedBeanInfo> (0x0000000089fe0c98) 
thrown [s\src\hotspot\share\classfile\systemDictionary.cpp, line 256]
Event: 403.822 Thread 0x00000265d2013ab0 Exception <a 'java/lang/ClassNotFoundException'{0x0000000089feae60}: org/gradle/api/DefaultTaskBeanInfo> (0x0000000089feae60) 
thrown [s\src\hotspot\share\classfile\systemDictionary.cpp, line 256]
Event: 403.824 Thread 0x00000265d2013ab0 Exception <a 'java/lang/ClassNotFoundException'{0x0000000089ff6250}: org/gradle/api/internal/AbstractTaskBeanInfo> (0x0000000089ff6250) 
thrown [s\src\hotspot\share\classfile\systemDictionary.cpp, line 256]
Event: 403.826 Thread 0x00000265d2013ab0 Exception <a 'java/lang/ClassNotFoundException'{0x0000000089e01160}: org/gradle/api/internal/AbstractTaskCustomizer> (0x0000000089e01160) 
thrown [s\src\hotspot\share\classfile\systemDictionary.cpp, line 256]
Event: 403.850 Thread 0x00000265d2013ab0 Exception <a 'java/lang/ClassNotFoundException'{0x0000000089e5c988}: org/gradle/api/DefaultTaskCustomizer> (0x0000000089e5c988) 
thrown [s\src\hotspot\share\classfile\systemDictionary.cpp, line 256]
Event: 403.866 Thread 0x00000265d2013ab0 Exception <a 'java/lang/ClassNotFoundException'{0x0000000089ec34e8}: org/gradle/api/DefaultTask_DecoratedCustomizer> (0x0000000089ec34e8) 
thrown [s\src\hotspot\share\classfile\systemDictionary.cpp, line 256]
Event: 403.882 Thread 0x00000265d2013ab0 Exception <a 'java/lang/ClassNotFoundException'{0x0000000089d09938}: org/gradle/api/tasks/testing/AbstractTestTaskBeanInfo> (0x0000000089d09938) 
thrown [s\src\hotspot\share\classfile\systemDictionary.cpp, line 256]
Event: 403.884 Thread 0x00000265d2013ab0 Exception <a 'java/lang/ClassNotFoundException'{0x0000000089d13d38}: org/gradle/api/internal/ConventionTaskBeanInfo> (0x0000000089d13d38) 
thrown [s\src\hotspot\share\classfile\systemDictionary.cpp, line 256]
Event: 403.886 Thread 0x00000265d2013ab0 Exception <a 'java/lang/ClassNotFoundException'{0x0000000089d1e148}: org/gradle/api/internal/ConventionTaskCustomizer> (0x0000000089d1e148) 
thrown [s\src\hotspot\share\classfile\systemDictionary.cpp, line 256]
Event: 403.890 Thread 0x00000265d2013ab0 Exception <a 'java/lang/ClassNotFoundException'{0x0000000089d3a110}: org/gradle/api/tasks/testing/AbstractTestTaskCustomizer> (0x0000000089d3a110) 
thrown [s\src\hotspot\share\classfile\systemDictionary.cpp, line 256]
Event: 404.481 Thread 0x00000265d20100f0 Exception <a 'java/lang/NoSuchMethodError'{0x00000000899d7020}: static Lorg/gradle/internal/build/event/types/DefaultTaskStartedProgressEvent;.<clinit>()V> (0x00000000899d7020) 
thrown [s\src\hotspot\share\prims\jni.cpp, line 1108]
Event: 404.484 Thread 0x00000265d20100f0 Exception <a 'java/lang/NoSuchMethodError'{0x00000000899e35c0}: static Lorg/gradle/internal/build/event/types/DefaultTaskDescriptor;.<clinit>()V> (0x00000000899e35c0) 
thrown [s\src\hotspot\share\prims\jni.cpp, line 1108]
Event: 404.641 Thread 0x00000265d20100f0 Exception <a 'java/lang/NoSuchMethodError'{0x00000000899f0300}: static Lorg/gradle/internal/build/event/types/DefaultTaskFinishedProgressEvent;.<clinit>()V> (0x00000000899f0300) 
thrown [s\src\hotspot\share\prims\jni.cpp, line 1108]
Event: 404.654 Thread 0x00000265d20100f0 Exception <a 'java/lang/NoSuchMethodError'{0x0000000089805460}: static Lorg/gradle/internal/build/event/types/DefaultTaskSuccessResult;.<clinit>()V> (0x0000000089805460) 
thrown [s\src\hotspot\share\prims\jni.cpp, line 1108]
Event: 404.752 Thread 0x00000265d20100f0 Exception <a 'java/lang/NoSuchMethodError'{0x0000000089806b58}: static Lorg/gradle/internal/build/event/types/AbstractTaskResult;.<clinit>()V> (0x0000000089806b58) 
thrown [s\src\hotspot\share\prims\jni.cpp, line 1108]
Event: 406.005 Thread 0x00000265d2013ab0 Exception <a 'java/lang/ClassNotFoundException'{0x00000000895707a0}: org/jetbrains/plugins/gradle/tooling/util/SourceSetCachedFinder$1BeanInfo> (0x00000000895707a0) 
thrown [s\src\hotspot\share\classfile\systemDictionary.cpp, line 256]
Event: 406.006 Thread 0x00000265d2013ab0 Exception <a 'java/lang/ClassNotFoundException'{0x0000000089578ca8}: org/jetbrains/plugins/gradle/tooling/util/SourceSetCachedFinder$1Customizer> (0x0000000089578ca8) 
thrown [s\src\hotspot\share\classfile\systemDictionary.cpp, line 256]
Event: 406.017 Thread 0x00000265d2013ab0 Exception <a 'java/lang/ClassNotFoundException'{0x00000000895d3950}: org/jetbrains/plugins/gradle/tooling/util/SourceSetCachedFinder$2BeanInfo> (0x00000000895d3950) 
thrown [s\src\hotspot\share\classfile\systemDictionary.cpp, line 256]
Event: 406.019 Thread 0x00000265d2013ab0 Exception <a 'java/lang/ClassNotFoundException'{0x00000000895dbe58}: org/jetbrains/plugins/gradle/tooling/util/SourceSetCachedFinder$2Customizer> (0x00000000895dbe58) 
thrown [s\src\hotspot\share\classfile\systemDictionary.cpp, line 256]

VM Operations (20 events):
Event: 402.337 Executing VM operation: Cleanup
Event: 403.202 Executing VM operation: Cleanup done
Event: 403.349 Executing VM operation: HandshakeAllThreads
Event: 403.349 Executing VM operation: HandshakeAllThreads done
Event: 404.316 Executing VM operation: HandshakeAllThreads
Event: 404.317 Executing VM operation: HandshakeAllThreads done
Event: 404.317 Executing VM operation: Cleanup
Event: 404.317 Executing VM operation: Cleanup done
Event: 404.360 Executing VM operation: HandshakeAllThreads
Event: 404.361 Executing VM operation: HandshakeAllThreads done
Event: 404.386 Executing VM operation: HandshakeAllThreads
Event: 404.387 Executing VM operation: HandshakeAllThreads done
Event: 404.635 Executing VM operation: HandshakeAllThreads
Event: 404.635 Executing VM operation: HandshakeAllThreads done
Event: 405.641 Executing VM operation: Cleanup
Event: 405.644 Executing VM operation: Cleanup done
Event: 405.644 Executing VM operation: HandshakeAllThreads
Event: 405.645 Executing VM operation: HandshakeAllThreads done
Event: 405.732 Executing VM operation: HandshakeAllThreads
Event: 405.733 Executing VM operation: HandshakeAllThreads done

Events (20 events):
Event: 404.363 Thread 0x00000265d1440000 flushing nmethod 0x00000265bb9a6710
Event: 404.364 Thread 0x00000265d1440000 flushing nmethod 0x00000265bb9bf710
Event: 404.364 Thread 0x00000265d1440000 flushing nmethod 0x00000265bba05490
Event: 404.364 Thread 0x00000265d1440000 flushing nmethod 0x00000265bba13490
Event: 404.364 Thread 0x00000265d1440000 flushing nmethod 0x00000265bba14290
Event: 404.364 Thread 0x00000265d1440000 flushing nmethod 0x00000265bba14790
Event: 404.364 Thread 0x00000265d1440000 flushing nmethod 0x00000265bba18710
Event: 404.364 Thread 0x00000265d1440000 flushing nmethod 0x00000265bba19b10
Event: 404.365 Thread 0x00000265d1440000 flushing nmethod 0x00000265bba36510
Event: 404.365 Thread 0x00000265d1440000 flushing nmethod 0x00000265bba77090
Event: 404.365 Thread 0x00000265d1440000 flushing nmethod 0x00000265bba91390
Event: 404.366 Thread 0x00000265d1440000 flushing nmethod 0x00000265bbab1e90
Event: 404.369 Thread 0x00000265d1440000 flushing nmethod 0x00000265bbc73010
Event: 404.460 loading class java/util/TreeMap$KeySpliterator
Event: 404.461 loading class java/util/TreeMap$TreeMapSpliterator
Event: 404.461 loading class java/util/TreeMap$TreeMapSpliterator done
Event: 404.461 loading class java/util/TreeMap$KeySpliterator done
Event: 405.685 Thread 0x00000265d20135e0 Thread added: 0x00000265d20135e0
Event: 405.791 loading class java/io/PushbackInputStream
Event: 405.792 loading class java/io/PushbackInputStream done


Dynamic libraries:
0x00007ff783010000 - 0x00007ff78301a000 	C:\Program Files\Android\Android Studio\jbr\bin\java.exe
0x00007ff8f2110000 - 0x00007ff8f2308000 	C:\Windows\SYSTEM32\ntdll.dll
0x00007ff8f1bd0000 - 0x00007ff8f1c8d000 	C:\Windows\System32\KERNEL32.DLL
0x00007ff8efbf0000 - 0x00007ff8efee6000 	C:\Windows\System32\KERNELBASE.dll
0x00007ff8efaf0000 - 0x00007ff8efbf0000 	C:\Windows\System32\ucrtbase.dll
0x00007ff8ddad0000 - 0x00007ff8ddae7000 	C:\Program Files\Android\Android Studio\jbr\bin\jli.dll
0x00007ff8e03a0000 - 0x00007ff8e03bb000 	C:\Program Files\Android\Android Studio\jbr\bin\VCRUNTIME140.dll
0x00007ff8f0540000 - 0x00007ff8f06de000 	C:\Windows\System32\USER32.dll
0x00007ff8ef840000 - 0x00007ff8ef862000 	C:\Windows\System32\win32u.dll
0x00007ff8f0940000 - 0x00007ff8f096c000 	C:\Windows\System32\GDI32.dll
0x00007ff8e0cc0000 - 0x00007ff8e0f5a000 	C:\Windows\WinSxS\amd64_microsoft.windows.common-controls_6595b64144ccf1df_6.0.19041.1110_none_60b5254171f9507e\COMCTL32.dll
0x00007ff8ef9d0000 - 0x00007ff8efaea000 	C:\Windows\System32\gdi32full.dll
0x00007ff8f1150000 - 0x00007ff8f11ee000 	C:\Windows\System32\msvcrt.dll
0x00007ff8eff80000 - 0x00007ff8f001d000 	C:\Windows\System32\msvcp_win.dll
0x00007ff8f1120000 - 0x00007ff8f1150000 	C:\Windows\System32\IMM32.DLL
0x00007ff8e90b0000 - 0x00007ff8e90bc000 	C:\Program Files\Android\Android Studio\jbr\bin\vcruntime140_1.dll
0x00007ff8d24d0000 - 0x00007ff8d255d000 	C:\Program Files\Android\Android Studio\jbr\bin\msvcp140.dll
0x00007ff8c49d0000 - 0x00007ff8c563e000 	C:\Program Files\Android\Android Studio\jbr\bin\server\jvm.dll
0x00007ff8f1d20000 - 0x00007ff8f1dce000 	C:\Windows\System32\ADVAPI32.dll
0x00007ff8f1eb0000 - 0x00007ff8f1f4c000 	C:\Windows\System32\sechost.dll
0x00007ff8f0aa0000 - 0x00007ff8f0bc6000 	C:\Windows\System32\RPCRT4.dll
0x00007ff8eb1e0000 - 0x00007ff8eb1e9000 	C:\Windows\SYSTEM32\WSOCK32.dll
0x00007ff8f0170000 - 0x00007ff8f01db000 	C:\Windows\System32\WS2_32.dll
0x00007ff8e81d0000 - 0x00007ff8e81f7000 	C:\Windows\SYSTEM32\WINMM.dll
0x00007ff8e8200000 - 0x00007ff8e820a000 	C:\Windows\SYSTEM32\VERSION.dll
0x00007ff8ed640000 - 0x00007ff8ed652000 	C:\Windows\SYSTEM32\kernel.appcore.dll
0x00007ff8eb1d0000 - 0x00007ff8eb1da000 	C:\Program Files\Android\Android Studio\jbr\bin\jimage.dll
0x00007ff8e39a0000 - 0x00007ff8e3b84000 	C:\Windows\SYSTEM32\DBGHELP.DLL
0x00007ff8e3960000 - 0x00007ff8e3994000 	C:\Windows\SYSTEM32\dbgcore.DLL
0x00007ff8efef0000 - 0x00007ff8eff72000 	C:\Windows\System32\bcryptPrimitives.dll
0x00007ff8eb1a0000 - 0x00007ff8eb1c5000 	C:\Program Files\Android\Android Studio\jbr\bin\java.dll
0x00007ff8eb180000 - 0x00007ff8eb198000 	C:\Program Files\Android\Android Studio\jbr\bin\zip.dll
0x00007ff8f11f0000 - 0x00007ff8f1935000 	C:\Windows\System32\SHELL32.dll
0x00007ff8ed840000 - 0x00007ff8edfdb000 	C:\Windows\SYSTEM32\windows.storage.dll
0x00007ff8f01e0000 - 0x00007ff8f0534000 	C:\Windows\System32\combase.dll
0x00007ff8ef160000 - 0x00007ff8ef18e000 	C:\Windows\SYSTEM32\Wldp.dll
0x00007ff8f1960000 - 0x00007ff8f1a0d000 	C:\Windows\System32\SHCORE.dll
0x00007ff8f1040000 - 0x00007ff8f1095000 	C:\Windows\System32\shlwapi.dll
0x00007ff8ef720000 - 0x00007ff8ef745000 	C:\Windows\SYSTEM32\profapi.dll
0x00007ff8eb160000 - 0x00007ff8eb179000 	C:\Program Files\Android\Android Studio\jbr\bin\net.dll
0x00007ff8e5490000 - 0x00007ff8e559a000 	C:\Windows\SYSTEM32\WINHTTP.dll
0x00007ff8eeea0000 - 0x00007ff8eef0a000 	C:\Windows\system32\mswsock.dll
0x00007ff8eb140000 - 0x00007ff8eb156000 	C:\Program Files\Android\Android Studio\jbr\bin\nio.dll
0x00007ff8eb130000 - 0x00007ff8eb140000 	C:\Program Files\Android\Android Studio\jbr\bin\verify.dll
0x00007ff8e0370000 - 0x00007ff8e0397000 	C:\Users\froil\.gradle\native\68d5fa5c4cc2d200863cafc0d521ce42e7d3e7ee720ec0a83991735586a16f82\windows-amd64\native-platform.dll
0x00007ff8d22e0000 - 0x00007ff8d2424000 	C:\Users\froil\.gradle\native\e376f236ea51e6404a007f0833ffe2c6e607c4080706a723a18a27aeea778392\windows-amd64\native-platform-file-events.dll
0x00007ff8eb120000 - 0x00007ff8eb129000 	C:\Program Files\Android\Android Studio\jbr\bin\management.dll
0x00007ff8eb110000 - 0x00007ff8eb11b000 	C:\Program Files\Android\Android Studio\jbr\bin\management_ext.dll
0x00007ff8f1a10000 - 0x00007ff8f1a18000 	C:\Windows\System32\PSAPI.DLL
0x00007ff8ef0b0000 - 0x00007ff8ef0c8000 	C:\Windows\SYSTEM32\CRYPTSP.dll
0x00007ff8ee7a0000 - 0x00007ff8ee7d4000 	C:\Windows\system32\rsaenh.dll
0x00007ff8f0140000 - 0x00007ff8f0167000 	C:\Windows\System32\bcrypt.dll
0x00007ff8ef6a0000 - 0x00007ff8ef6ce000 	C:\Windows\SYSTEM32\USERENV.dll
0x00007ff8ef0d0000 - 0x00007ff8ef0dc000 	C:\Windows\SYSTEM32\CRYPTBASE.dll
0x00007ff8eeb90000 - 0x00007ff8eebcb000 	C:\Windows\SYSTEM32\IPHLPAPI.DLL
0x00007ff8f0930000 - 0x00007ff8f0938000 	C:\Windows\System32\NSI.dll
0x00007ff8e5840000 - 0x00007ff8e5857000 	C:\Windows\SYSTEM32\dhcpcsvc6.DLL
0x00007ff8e6020000 - 0x00007ff8e603d000 	C:\Windows\SYSTEM32\dhcpcsvc.DLL
0x00007ff8eebd0000 - 0x00007ff8eec9a000 	C:\Windows\SYSTEM32\DNSAPI.dll
0x00007ff8e90d0000 - 0x00007ff8e90d7000 	C:\Windows\system32\wshunix.dll
0x00007ff8ee8c0000 - 0x00007ff8ee8f3000 	C:\Windows\SYSTEM32\ntmarta.dll
0x00007ff8db640000 - 0x00007ff8db64a000 	C:\Windows\System32\rasadhlp.dll
0x00007ff8e3cb0000 - 0x00007ff8e3d32000 	C:\Windows\System32\fwpuclnt.dll

dbghelp: loaded successfully - version: 4.0.5 - missing functions: none
symbol engine: initialized successfully - sym options: 0x614 - pdb path: .;C:\Program Files\Android\Android Studio\jbr\bin;C:\Windows\SYSTEM32;C:\Windows\WinSxS\amd64_microsoft.windows.common-controls_6595b64144ccf1df_6.0.19041.1110_none_60b5254171f9507e;C:\Program Files\Android\Android Studio\jbr\bin\server;C:\Users\froil\.gradle\native\68d5fa5c4cc2d200863cafc0d521ce42e7d3e7ee720ec0a83991735586a16f82\windows-amd64;C:\Users\froil\.gradle\native\e376f236ea51e6404a007f0833ffe2c6e607c4080706a723a18a27aeea778392\windows-amd64

VM Arguments:
jvm_args: --add-opens=java.base/java.util=ALL-UNNAMED --add-opens=java.base/java.lang=ALL-UNNAMED --add-opens=java.base/java.lang.invoke=ALL-UNNAMED --add-opens=java.prefs/java.util.prefs=ALL-UNNAMED --add-opens=java.base/java.nio.charset=ALL-UNNAMED --add-opens=java.base/java.net=ALL-UNNAMED --add-opens=java.base/java.util.concurrent.atomic=ALL-UNNAMED -Xmx2048m -Dfile.encoding=UTF-8 -Duser.country=PH -Duser.language=en -Duser.variant 
java_command: org.gradle.launcher.daemon.bootstrap.GradleDaemon 8.0
java_class_path (initial): C:\Users\froil\.gradle\wrapper\dists\gradle-8.0-bin\ca5e32bp14vu59qr306oxotwh\gradle-8.0\lib\gradle-launcher-8.0.jar
Launcher Type: SUN_STANDARD

[Global flags]
     intx CICompilerCount                          = 2                                         {product} {ergonomic}
     uint ConcGCThreads                            = 1                                         {product} {ergonomic}
     uint G1ConcRefinementThreads                  = 2                                         {product} {ergonomic}
   size_t G1HeapRegionSize                         = 1048576                                   {product} {ergonomic}
    uintx GCDrainStackTargetSize                   = 64                                        {product} {ergonomic}
   size_t InitialHeapSize                          = 60817408                                  {product} {ergonomic}
   size_t MarkStackSize                            = 4194304                                   {product} {ergonomic}
   size_t MaxHeapSize                              = 2147483648                                {product} {command line}
   size_t MaxNewSize                               = 1287651328                                {product} {ergonomic}
   size_t MinHeapDeltaBytes                        = 1048576                                   {product} {ergonomic}
   size_t MinHeapSize                              = 8388608                                   {product} {ergonomic}
    uintx NonNMethodCodeHeapSize                   = 5826188                                {pd product} {ergonomic}
    uintx NonProfiledCodeHeapSize                  = 122916026                              {pd product} {ergonomic}
    uintx ProfiledCodeHeapSize                     = 122916026                              {pd product} {ergonomic}
    uintx ReservedCodeCacheSize                    = 251658240                              {pd product} {ergonomic}
     bool SegmentedCodeCache                       = true                                      {product} {ergonomic}
   size_t SoftMaxHeapSize                          = 2147483648                             {manageable} {ergonomic}
     bool UseCompressedClassPointers               = true                           {product lp64_product} {ergonomic}
     bool UseCompressedOops                        = true                           {product lp64_product} {ergonomic}
     bool UseG1GC                                  = true                                      {product} {ergonomic}
     bool UseLargePagesIndividualAllocation        = false                                  {pd product} {ergonomic}

Logging:
Log output configuration:
 #0: stdout all=warning uptime,level,tags
 #1: stderr all=off uptime,level,tags

Environment Variables:
CLASSPATH=C:\Program Files\Microsoft JDBC DRIVER 12.2 for SQL Server\sqljdbc_12.2\enu\mssql-jdbc-12.2.0.jre11.jar
PATH=C:\Program Files\Common Files\Oracle\Java\javapath;C:\Windows\system32;C:\Windows;C:\Windows\System32\Wbem;C:\Windows\System32\WindowsPowerShell\v1.0\;C:\Windows\System32\OpenSSH\;C:\Program Files (x86)\ATI Technologies\ATI.ACE\Core-Static;C:\Program Files\Microsoft VS Code\bin;C:\ProgramData\chocolatey\bin;C:\Program Files\Microsoft SQL Server\130\Tools\Binn\;C:\Program Files\dotnet\;C:\Users\froil\AppData\Roaming\nvm;C:\Program Files\nodejs;C:\Program Files\Git\cmd;C:\Users\froil\AppData\Local\Programs\Python\Python311\Scripts\;C:\Users\froil\AppData\Local\Programs\Python\Python311\;C:\flutter\bin
USERNAME=froil
OS=Windows_NT
PROCESSOR_IDENTIFIER=AMD64 Family 20 Model 2 Stepping 0, AuthenticAMD
TMP=C:\Users\froil\AppData\Local\Temp
TEMP=C:\Users\froil\AppData\Local\Temp


JNI global refs:
JNI global refs: 25, weak refs: 0

JNI global refs memory usage: 843, weak refs: 841


---------------  S Y S T E M  ---------------

OS:
 Windows 10 , 64 bit Build 19041 (10.0.19041.3393)
OS uptime: 0 days 0:37 hours
Hyper-V role detected

CPU: total 2 (initial active 2) (2 cores per cpu, 1 threads per core) family 20 model 2 stepping 0 microcode 0x0, cx8, cmov, fxsr, mmx, 3dnowpref, sse, sse2, sse3, ssse3, sse4a, popcnt, lzcnt, tsc, tscinvbit, clflush, hv

Memory: 4k page, system-wide physical 3691M (705M free)
TotalPageFile size 5691M (AvailPageFile size 1112M)
current process WorkingSet (physical memory assigned to process): 466M, peak: 468M
current process commit charge ("private bytes"): 513M, peak: 516M

vm_info: OpenJDK 64-Bit Server VM (17.0.6+0-b2043.56-10027231) for windows-amd64 JRE (17.0.6+0-b2043.56-10027231), built on Apr 28 2023 00:43:19 by "androidbuild" with MS VC++ 16.10 / 16.11 (VS2019)

END.
